#
# A fatal error has been detected by the Java Runtime Environment:
#
#  EXCEPTION_ACCESS_VIOLATION (0xc0000005) at pc=0x0000000059aee094, pid=4204, tid=5784
#
# JRE version: Java(TM) SE Runtime Environment (8.0_31-b13) (build 1.8.0_31-b13)
# Java VM: Java HotSpot(TM) 64-Bit Server VM (25.31-b07 mixed mode windows-amd64 compressed oops)
# Problematic frame:
# V  [jvm.dll+0x45e094]
#
# Failed to write core dump. Minidumps are not enabled by default on client versions of Windows
#
# If you would like to submit a bug report, please visit:
#   http://bugreport.java.com/bugreport/crash.jsp
#

---------------  T H R E A D  ---------------

Current thread (0x0000000014fbe800):  JavaThread "C2 CompilerThread0" daemon [_thread_in_native, id=5784, stack(0x0000000016520000,0x0000000016620000)]

siginfo: ExceptionCode=0xc0000005, reading address 0xffffffffffffffff

Registers:
RAX=0xd7480000000059cc, RBX=0x00000000000000e8, RCX=0x000000001b69d712, RDX=0x000000001b7813f0
RSP=0x000000001661bb00, RBP=0x000000001da92590, RSI=0x0000000000000000, RDI=0x000000000000001d
R8 =0x000000001da92540, R9 =0x000000001da64050, R10=0x000000001da925e0, R11=0x000000001da92590
R12=0x000000001da64050, R13=0x000000001892ce30, R14=0x000000001b7835e0, R15=0x0000000000000088
RIP=0x0000000059aee094, EFLAGS=0x0000000000010206

Top of Stack: (sp=0x000000001661bb00)
0x000000001661bb00:   0000000000000008 0000000000000000
0x000000001661bb10:   0000000000000001 000000001892ce30
0x000000001661bb20:   0000000000000943 000000001ca775e0
0x000000001661bb30:   00000000001eb8d8 000000001ca8d160
0x000000001661bb40:   000000001892ce30 000000001ca8d160
0x000000001661bb50:   0000000014fba4c0 0000000059cd6e58
0x000000001661bb60:   0000000014fba4c0 0000000000000400
0x000000001661bb70:   0000000016f7c500 0000000014fba4c0
0x000000001661bb80:   0000000000000001 0000000014fba4c0
0x000000001661bb90:   0000000000000000 0000000018681590
0x000000001661bba0:   0000000014fba4c0 000000001661bff0
0x000000001661bbb0:   0000000000000000 000000001661bcd0
0x000000001661bbc0:   000000001661c010 0000000059b2f21f
0x000000001661bbd0:   000000001661bff0 000000000000104a
0x000000001661bbe0:   000000001da64050 000000001da92590
0x000000001661bbf0:   00000000186815e0 0000000018689578 

Instructions: (pc=0x0000000059aee094)
0x0000000059aee074:   00 48 8b de 0f 1f 84 00 00 00 00 00 49 8b 46 08
0x0000000059aee084:   48 8b 0c 03 48 85 c9 0f 84 8a 00 00 00 48 8b 01
0x0000000059aee094:   ff 50 10 84 c0 0f 84 7c 00 00 00 49 8b 46 08 48
0x0000000059aee0a4:   8b 0c 03 8b 41 28 41 8b 4c 85 00 83 f9 ff 74 67 


Register to memory mapping:

RAX=0xd7480000000059cc is an unknown value
RBX=0x00000000000000e8 is an unknown value
RCX=0x000000001b69d712 is an unknown value
RDX=0x000000001b7813f0 is an unknown value
RSP=0x000000001661bb00 is pointing into the stack for thread: 0x0000000014fbe800
RBP=0x000000001da92590 is an unknown value
RSI=0x0000000000000000 is an unknown value
RDI=0x000000000000001d is an unknown value
R8 =0x000000001da92540 is an unknown value
R9 =0x000000001da64050 is an unknown value
R10=0x000000001da925e0 is an unknown value
R11=0x000000001da92590 is an unknown value
R12=0x000000001da64050 is an unknown value
R13=0x000000001892ce30 is an unknown value
R14=0x000000001b7835e0 is an unknown value
R15=0x0000000000000088 is an unknown value


Stack: [0x0000000016520000,0x0000000016620000],  sp=0x000000001661bb00,  free space=1006k
Native frames: (J=compiled Java code, j=interpreted, Vv=VM code, C=native code)
V  [jvm.dll+0x45e094]
V  [jvm.dll+0x49f21f]
V  [jvm.dll+0x452daf]
V  [jvm.dll+0x454124]
V  [jvm.dll+0x437c62]
V  [jvm.dll+0x988e2]
V  [jvm.dll+0x990d3]
V  [jvm.dll+0x22c194]
V  [jvm.dll+0x28576a]
C  [msvcr100.dll+0x21d9f]
C  [msvcr100.dll+0x21e3b]
C  [KERNEL32.DLL+0x16ad]
C  [ntdll.dll+0x6eb64]


Current CompileTask:
C2:  29021 5387   !   4       java.beans.PropertyDescriptor::findPropertyType (188 bytes)


---------------  P R O C E S S  ---------------

Java Threads: ( => current thread )
  0x0000000016992800 JavaThread "Stdin handler" [_thread_blocked, id=6996, stack(0x0000000019430000,0x0000000019530000)]
  0x000000001698f800 JavaThread "Cancel handler" [_thread_blocked, id=3452, stack(0x0000000019230000,0x0000000019330000)]
  0x000000001698f000 JavaThread "Handler for socket connection from /127.0.0.1:56863 to /127.0.0.1:56878" [_thread_in_native, id=7308, stack(0x0000000019130000,0x0000000019230000)]
  0x0000000017d7d000 JavaThread "File lock request listener" [_thread_in_native, id=7636, stack(0x000000001ab00000,0x000000001ac00000)]
  0x0000000017b77800 JavaThread "Daemon worker" [_thread_in_Java, id=768, stack(0x0000000019330000,0x0000000019430000)]
  0x0000000017b55000 JavaThread "Daemon" [_thread_blocked, id=5872, stack(0x0000000019030000,0x0000000019130000)]
  0x0000000017b21000 JavaThread "Incoming local TCP Connector on port 56863" [_thread_in_native, id=7028, stack(0x0000000018d30000,0x0000000018e30000)]
  0x0000000016852800 JavaThread "Service Thread" daemon [_thread_blocked, id=7664, stack(0x0000000016c20000,0x0000000016d20000)]
  0x0000000014fc7800 JavaThread "C1 CompilerThread2" daemon [_thread_in_native, id=3304, stack(0x0000000016720000,0x0000000016820000)]
  0x0000000014fc1000 JavaThread "C2 CompilerThread1" daemon [_thread_in_native, id=4268, stack(0x0000000016620000,0x0000000016720000)]
=>0x0000000014fbe800 JavaThread "C2 CompilerThread0" daemon [_thread_in_native, id=5784, stack(0x0000000016520000,0x0000000016620000)]
  0x0000000014fbd000 JavaThread "Attach Listener" daemon [_thread_blocked, id=7556, stack(0x0000000016420000,0x0000000016520000)]
  0x0000000014fbc000 JavaThread "Signal Dispatcher" daemon [_thread_blocked, id=3620, stack(0x0000000016320000,0x0000000016420000)]
  0x0000000002886000 JavaThread "Finalizer" daemon [_thread_blocked, id=4388, stack(0x0000000016220000,0x0000000016320000)]
  0x000000000287d000 JavaThread "Reference Handler" daemon [_thread_blocked, id=7468, stack(0x0000000016120000,0x0000000016220000)]
  0x000000000289e800 JavaThread "main" [_thread_blocked, id=1644, stack(0x0000000000f40000,0x0000000001040000)]

Other Threads:
  0x0000000014f86000 VMThread [stack: 0x0000000016020000,0x0000000016120000] [id=1796]
  0x0000000016855800 WatcherThread [stack: 0x0000000016d20000,0x0000000016e20000] [id=2156]

VM state:not at safepoint (normal execution)

VM Mutex/Monitor currently owned by a thread: None

Heap:
 PSYoungGen      total 190464K, used 45648K [0x00000000eab00000, 0x00000000f7980000, 0x0000000100000000)
  eden space 170496K, 26% used [0x00000000eab00000,0x00000000ed7942c8,0x00000000f5180000)
  from space 19968K, 0% used [0x00000000f6600000,0x00000000f6600000,0x00000000f7980000)
  to   space 20480K, 0% used [0x00000000f5180000,0x00000000f5180000,0x00000000f6580000)
 ParOldGen       total 93184K, used 44543K [0x00000000c0000000, 0x00000000c5b00000, 0x00000000eab00000)
  object space 93184K, 47% used [0x00000000c0000000,0x00000000c2b7ff60,0x00000000c5b00000)
 Metaspace       used 43442K, capacity 46609K, committed 46848K, reserved 1089536K
  class space    used 6036K, capacity 7015K, committed 7168K, reserved 1048576K

Card table byte_map: [0x0000000011c90000,0x0000000011ea0000] byte_map_base: 0x0000000011690000

Marking Bits: (ParMarkBitMap*) 0x0000000059e6d4f0
 Begin Bits: [0x0000000012400000, 0x0000000013400000)
 End Bits:   [0x0000000013400000, 0x0000000014400000)

Polling page: 0x0000000002770000

CodeCache: size=245760Kb used=18041Kb max_used=18391Kb free=227718Kb
 bounds [0x00000000028d0000, 0x0000000003af0000, 0x00000000118d0000]
 total_blobs=5748 nmethods=5088 adapters=571
 compilation: enabled

Compilation events (10 events):
Event: 28.760 Thread 0x0000000014fc7800 nmethod 5659 0x000000000351f990 code [0x000000000351fb00, 0x000000000351fd28]
Event: 28.768 Thread 0x0000000014fc1000 5660   !   4       org.gradle.internal.service.DefaultServiceRegistry::doGet (119 bytes)
Event: 28.768 Thread 0x0000000014fc7800 5661       1       java.io.ObjectInputStream$HandleTable::size (5 bytes)
Event: 28.769 Thread 0x0000000014fc7800 nmethod 5661 0x0000000002bd7b10 code [0x0000000002bd7c60, 0x0000000002bd7d70]
Event: 28.769 Thread 0x0000000014fc7800 5662       3       java.util.Collections::reverse (125 bytes)
Event: 28.769 Thread 0x0000000014fc7800 nmethod 5662 0x00000000030b9d10 code [0x00000000030b9f40, 0x00000000030bac48]
Event: 28.769 Thread 0x0000000014fc7800 5663       1       java.io.ObjectStreamClass$FieldReflector::getFields (5 bytes)
Event: 28.769 Thread 0x0000000014fc7800 nmethod 5663 0x0000000002cdcfd0 code [0x0000000002cdd120, 0x0000000002cdd230]
Event: 28.770 Thread 0x0000000014fc7800 5664       3       com.google.common.cache.LocalCache::evictsBySize (15 bytes)
Event: 28.770 Thread 0x0000000014fc7800 nmethod 5664 0x0000000002e93750 code [0x0000000002e938a0, 0x0000000002e93a70]

GC Heap History (10 events):
Event: 14.350 GC heap before
{Heap before GC invocations=19 (full 2):
 PSYoungGen      total 130560K, used 4656K [0x00000000eab00000, 0x00000000f5580000, 0x0000000100000000)
  eden space 118272K, 0% used [0x00000000eab00000,0x00000000eab00000,0x00000000f1e80000)
  from space 12288K, 37% used [0x00000000f1e80000,0x00000000f230c358,0x00000000f2a80000)
  to   space 11776K, 0% used [0x00000000f4a00000,0x00000000f4a00000,0x00000000f5580000)
 ParOldGen       total 50176K, used 26962K [0x00000000c0000000, 0x00000000c3100000, 0x00000000eab00000)
  object space 50176K, 53% used [0x00000000c0000000,0x00000000c1a54a70,0x00000000c3100000)
 Metaspace       used 33903K, capacity 35240K, committed 35416K, reserved 1079296K
  class space    used 4462K, capacity 4994K, committed 5120K, reserved 1048576K
Event: 14.669 GC heap after
Heap after GC invocations=19 (full 2):
 PSYoungGen      total 130560K, used 0K [0x00000000eab00000, 0x00000000f5580000, 0x0000000100000000)
  eden space 118272K, 0% used [0x00000000eab00000,0x00000000eab00000,0x00000000f1e80000)
  from space 12288K, 0% used [0x00000000f1e80000,0x00000000f1e80000,0x00000000f2a80000)
  to   space 11776K, 0% used [0x00000000f4a00000,0x00000000f4a00000,0x00000000f5580000)
 ParOldGen       total 93184K, used 27249K [0x00000000c0000000, 0x00000000c5b00000, 0x00000000eab00000)
  object space 93184K, 29% used [0x00000000c0000000,0x00000000c1a9c5b8,0x00000000c5b00000)
 Metaspace       used 33903K, capacity 35240K, committed 35416K, reserved 1079296K
  class space    used 4462K, capacity 4994K, committed 5120K, reserved 1048576K
}
Event: 16.987 GC heap before
{Heap before GC invocations=20 (full 2):
 PSYoungGen      total 130560K, used 118272K [0x00000000eab00000, 0x00000000f5580000, 0x0000000100000000)
  eden space 118272K, 100% used [0x00000000eab00000,0x00000000f1e80000,0x00000000f1e80000)
  from space 12288K, 0% used [0x00000000f1e80000,0x00000000f1e80000,0x00000000f2a80000)
  to   space 11776K, 0% used [0x00000000f4a00000,0x00000000f4a00000,0x00000000f5580000)
 ParOldGen       total 93184K, used 27249K [0x00000000c0000000, 0x00000000c5b00000, 0x00000000eab00000)
  object space 93184K, 29% used [0x00000000c0000000,0x00000000c1a9c5b8,0x00000000c5b00000)
 Metaspace       used 37311K, capacity 39228K, committed 39296K, reserved 1083392K
  class space    used 5052K, capacity 5710K, committed 5760K, reserved 1048576K
Event: 17.068 GC heap after
Heap after GC invocations=20 (full 2):
 PSYoungGen      total 154112K, used 11748K [0x00000000eab00000, 0x00000000f5580000, 0x0000000100000000)
  eden space 142336K, 0% used [0x00000000eab00000,0x00000000eab00000,0x00000000f3600000)
  from space 11776K, 99% used [0x00000000f4a00000,0x00000000f5579208,0x00000000f5580000)
  to   space 14336K, 0% used [0x00000000f3980000,0x00000000f3980000,0x00000000f4780000)
 ParOldGen       total 93184K, used 28650K [0x00000000c0000000, 0x00000000c5b00000, 0x00000000eab00000)
  object space 93184K, 30% used [0x00000000c0000000,0x00000000c1bfa820,0x00000000c5b00000)
 Metaspace       used 37311K, capacity 39228K, committed 39296K, reserved 1083392K
  class space    used 5052K, capacity 5710K, committed 5760K, reserved 1048576K
}
Event: 21.036 GC heap before
{Heap before GC invocations=21 (full 2):
 PSYoungGen      total 154112K, used 154084K [0x00000000eab00000, 0x00000000f5580000, 0x0000000100000000)
  eden space 142336K, 100% used [0x00000000eab00000,0x00000000f3600000,0x00000000f3600000)
  from space 11776K, 99% used [0x00000000f4a00000,0x00000000f5579208,0x00000000f5580000)
  to   space 14336K, 0% used [0x00000000f3980000,0x00000000f3980000,0x00000000f4780000)
 ParOldGen       total 93184K, used 28650K [0x00000000c0000000, 0x00000000c5b00000, 0x00000000eab00000)
  object space 93184K, 30% used [0x00000000c0000000,0x00000000c1bfa820,0x00000000c5b00000)
 Metaspace       used 42750K, capacity 45757K, committed 45952K, reserved 1087488K
  class space    used 5960K, capacity 6951K, committed 7040K, reserved 1048576K
Event: 21.101 GC heap after
Heap after GC invocations=21 (full 2):
 PSYoungGen      total 160256K, used 14310K [0x00000000eab00000, 0x00000000f7a80000, 0x0000000100000000)
  eden space 145920K, 0% used [0x00000000eab00000,0x00000000eab00000,0x00000000f3980000)
  from space 14336K, 99% used [0x00000000f3980000,0x00000000f4779960,0x00000000f4780000)
  to   space 20992K, 0% used [0x00000000f6600000,0x00000000f6600000,0x00000000f7a80000)
 ParOldGen       total 93184K, used 40093K [0x00000000c0000000, 0x00000000c5b00000, 0x00000000eab00000)
  object space 93184K, 43% used [0x00000000c0000000,0x00000000c2727420,0x00000000c5b00000)
 Metaspace       used 42750K, capacity 45757K, committed 45952K, reserved 1087488K
  class space    used 5960K, capacity 6951K, committed 7040K, reserved 1048576K
}
Event: 21.485 GC heap before
{Heap before GC invocations=22 (full 2):
 PSYoungGen      total 160256K, used 31166K [0x00000000eab00000, 0x00000000f7a80000, 0x0000000100000000)
  eden space 145920K, 11% used [0x00000000eab00000,0x00000000ebb761c8,0x00000000f3980000)
  from space 14336K, 99% used [0x00000000f3980000,0x00000000f4779960,0x00000000f4780000)
  to   space 20992K, 0% used [0x00000000f6600000,0x00000000f6600000,0x00000000f7a80000)
 ParOldGen       total 93184K, used 40093K [0x00000000c0000000, 0x00000000c5b00000, 0x00000000eab00000)
  object space 93184K, 43% used [0x00000000c0000000,0x00000000c2727420,0x00000000c5b00000)
 Metaspace       used 43284K, capacity 46459K, committed 46464K, reserved 1089536K
  class space    used 6034K, capacity 7037K, committed 7040K, reserved 1048576K
Event: 21.553 GC heap after
Heap after GC invocations=22 (full 2):
 PSYoungGen      total 190464K, used 1418K [0x00000000eab00000, 0x00000000f7980000, 0x0000000100000000)
  eden space 170496K, 0% used [0x00000000eab00000,0x00000000eab00000,0x00000000f5180000)
  from space 19968K, 7% used [0x00000000f6600000,0x00000000f6762be8,0x00000000f7980000)
  to   space 20480K, 0% used [0x00000000f5180000,0x00000000f5180000,0x00000000f6580000)
 ParOldGen       total 93184K, used 52121K [0x00000000c0000000, 0x00000000c5b00000, 0x00000000eab00000)
  object space 93184K, 55% used [0x00000000c0000000,0x00000000c32e6430,0x00000000c5b00000)
 Metaspace       used 43284K, capacity 46459K, committed 46464K, reserved 1089536K
  class space    used 6034K, capacity 7037K, committed 7040K, reserved 1048576K
}
Event: 21.554 GC heap before
{Heap before GC invocations=23 (full 3):
 PSYoungGen      total 190464K, used 1418K [0x00000000eab00000, 0x00000000f7980000, 0x0000000100000000)
  eden space 170496K, 0% used [0x00000000eab00000,0x00000000eab00000,0x00000000f5180000)
  from space 19968K, 7% used [0x00000000f6600000,0x00000000f6762be8,0x00000000f7980000)
  to   space 20480K, 0% used [0x00000000f5180000,0x00000000f5180000,0x00000000f6580000)
 ParOldGen       total 93184K, used 52121K [0x00000000c0000000, 0x00000000c5b00000, 0x00000000eab00000)
  object space 93184K, 55% used [0x00000000c0000000,0x00000000c32e6430,0x00000000c5b00000)
 Metaspace       used 43284K, capacity 46459K, committed 46464K, reserved 1089536K
  class space    used 6034K, capacity 7037K, committed 7040K, reserved 1048576K
Event: 22.134 GC heap after
Heap after GC invocations=23 (full 3):
 PSYoungGen      total 190464K, used 0K [0x00000000eab00000, 0x00000000f7980000, 0x0000000100000000)
  eden space 170496K, 0% used [0x00000000eab00000,0x00000000eab00000,0x00000000f5180000)
  from space 19968K, 0% used [0x00000000f6600000,0x00000000f6600000,0x00000000f7980000)
  to   space 20480K, 0% used [0x00000000f5180000,0x00000000f5180000,0x00000000f6580000)
 ParOldGen       total 93184K, used 44543K [0x00000000c0000000, 0x00000000c5b00000, 0x00000000eab00000)
  object space 93184K, 47% used [0x00000000c0000000,0x00000000c2b7ff60,0x00000000c5b00000)
 Metaspace       used 43216K, capacity 46231K, committed 46464K, reserved 1089536K
  class space    used 6020K, capacity 6969K, committed 7040K, reserved 1048576K
}

Deoptimization events (10 events):
Event: 21.021 Thread 0x0000000017b77800 Uncommon trap: reason=bimorphic action=maybe_recompile pc=0x00000000039a8534 method=java.util.Properties$LineReader.readLine()I @ 410
Event: 21.179 Thread 0x0000000017b77800 Uncommon trap: reason=bimorphic action=maybe_recompile pc=0x00000000039a8534 method=java.util.Properties$LineReader.readLine()I @ 410
Event: 21.258 Thread 0x0000000017b77800 Uncommon trap: reason=bimorphic action=maybe_recompile pc=0x00000000033bfde4 method=org.codehaus.groovy.runtime.metaclass.MetaMethodIndex.addMethodToList(Ljava/lang/Object;Lgroovy/lang/MetaMethod;)Ljava/lang/Object; @ 91
Event: 21.258 Thread 0x0000000017b77800 Uncommon trap: reason=unreached action=reinterpret pc=0x00000000033bfd50 method=org.codehaus.groovy.runtime.metaclass.MetaMethodIndex.isNonRealMethod(Lgroovy/lang/MetaMethod;)Z @ 4
Event: 21.297 Thread 0x0000000017b77800 Uncommon trap: reason=bimorphic action=maybe_recompile pc=0x00000000039a8534 method=java.util.Properties$LineReader.readLine()I @ 410
Event: 21.483 Thread 0x0000000017b77800 Uncommon trap: reason=unreached action=reinterpret pc=0x0000000003a4b160 method=java.util.concurrent.locks.AbstractQueuedSynchronizer.release(I)Z @ 14
Event: 21.483 Thread 0x0000000017cff800 Uncommon trap: reason=unreached action=reinterpret pc=0x000000000325ff14 method=java.util.concurrent.locks.AbstractQueuedSynchronizer.release(I)Z @ 14
Event: 22.134 Thread 0x0000000002886000 Uncommon trap: reason=unreached action=reinterpret pc=0x0000000002f1648c method=java.lang.ref.ReferenceQueue.poll()Ljava/lang/ref/Reference; @ 4
Event: 22.135 Thread 0x0000000002886000 Uncommon trap: reason=unreached action=reinterpret pc=0x0000000002fe4094 method=java.lang.ref.ReferenceQueue.poll()Ljava/lang/ref/Reference; @ 4
Event: 28.716 Thread 0x0000000017b77800 Uncommon trap: reason=range_check action=make_not_entrant pc=0x0000000003a49f88 method=java.lang.String.charAt(I)C @ 27

Internal exceptions (10 events):
Event: 27.864 Thread 0x000000001698f000 Exception <a 'java/lang/NoSuchMethodError': <clinit>> (0x00000000eb083038) thrown at [C:\workspace\8-2-build-windows-amd64-cygwin\jdk8u31\2394\hotspot\src\share\vm\prims\jni.cpp, line 1603]
Event: 27.869 Thread 0x000000001698f000 Exception <a 'java/security/PrivilegedActionException'> (0x00000000eb096520) thrown at [C:\workspace\8-2-build-windows-amd64-cygwin\jdk8u31\2394\hotspot\src\share\vm\prims\jvm.cpp, line 1312]
Event: 27.869 Thread 0x000000001698f000 Exception <a 'java/security/PrivilegedActionException'> (0x00000000eb096ef0) thrown at [C:\workspace\8-2-build-windows-amd64-cygwin\jdk8u31\2394\hotspot\src\share\vm\prims\jvm.cpp, line 1312]
Event: 27.869 Thread 0x000000001698f000 Exception <a 'java/security/PrivilegedActionException'> (0x00000000eb09ae20) thrown at [C:\workspace\8-2-build-windows-amd64-cygwin\jdk8u31\2394\hotspot\src\share\vm\prims\jvm.cpp, line 1312]
Event: 27.869 Thread 0x000000001698f000 Exception <a 'java/security/PrivilegedActionException'> (0x00000000eb09c148) thrown at [C:\workspace\8-2-build-windows-amd64-cygwin\jdk8u31\2394\hotspot\src\share\vm\prims\jvm.cpp, line 1312]
Event: 27.869 Thread 0x000000001698f000 Exception <a 'java/security/PrivilegedActionException'> (0x00000000eb09cc00) thrown at [C:\workspace\8-2-build-windows-amd64-cygwin\jdk8u31\2394\hotspot\src\share\vm\prims\jvm.cpp, line 1312]
Event: 27.871 Thread 0x000000001698f000 Exception <a 'java/lang/NoSuchMethodError': <clinit>> (0x00000000eb0a6d48) thrown at [C:\workspace\8-2-build-windows-amd64-cygwin\jdk8u31\2394\hotspot\src\share\vm\prims\jni.cpp, line 1603]
Event: 27.931 Thread 0x0000000017b55000 Exception <a 'java/security/PrivilegedActionException'> (0x00000000eb2225a0) thrown at [C:\workspace\8-2-build-windows-amd64-cygwin\jdk8u31\2394\hotspot\src\share\vm\prims\jvm.cpp, line 1312]
Event: 27.931 Thread 0x0000000017b55000 Exception <a 'java/security/PrivilegedActionException'> (0x00000000eb223060) thrown at [C:\workspace\8-2-build-windows-amd64-cygwin\jdk8u31\2394\hotspot\src\share\vm\prims\jvm.cpp, line 1312]
Event: 27.931 Thread 0x0000000017b55000 Exception <a 'java/security/PrivilegedActionException'> (0x00000000eb224d00) thrown at [C:\workspace\8-2-build-windows-amd64-cygwin\jdk8u31\2394\hotspot\src\share\vm\prims\jvm.cpp, line 1312]

Events (10 events):
Event: 27.869 loading class org/gradle/internal/DefaultTaskExecutionRequest done
Event: 27.873 Thread 0x0000000014fc7800 flushing nmethod 0x0000000002a98f90
Event: 27.914 Thread 0x000000001698f800 Thread added: 0x000000001698f800
Event: 27.919 Thread 0x0000000014fc7800 flushing nmethod 0x000000000337d990
Event: 28.715 Executing VM operation: RevokeBias
Event: 28.715 Executing VM operation: RevokeBias done
Event: 28.716 Thread 0x0000000017b77800 Uncommon trap: trap_request=0xffffffe4 fr.pc=0x0000000003a49f88
Event: 28.716 Thread 0x0000000017b77800 DEOPT PACKING pc=0x0000000003a49f88 sp=0x000000001942edf0
Event: 28.716 Thread 0x0000000017b77800 DEOPT UNPACKING pc=0x000000000291556a sp=0x000000001942ed10 mode 2
Event: 28.721 Thread 0x0000000016992800 Thread added: 0x0000000016992800


Dynamic libraries:
0x00007ff7fa2d0000 - 0x00007ff7fa304000 	C:\Program Files\Java\jdk1.8.0_31\bin\java.exe
0x00007ff8a00f0000 - 0x00007ff8a029c000 	C:\Windows\SYSTEM32\ntdll.dll
0x00007ff89fd60000 - 0x00007ff89fe9a000 	C:\Windows\system32\KERNEL32.DLL
0x00007ff89d530000 - 0x00007ff89d63f000 	C:\Windows\system32\KERNELBASE.dll
0x00007ff89c070000 - 0x00007ff89c0f8000 	C:\Windows\system32\apphelp.dll
0x00007ff886f70000 - 0x00007ff886fbf000 	C:\Windows\AppPatch\AppPatch64\AcGenral.DLL
0x00007ff89de70000 - 0x00007ff89df17000 	C:\Windows\system32\msvcrt.dll
0x00007ff89d240000 - 0x00007ff89d26b000 	C:\Windows\SYSTEM32\SspiCli.dll
0x00007ff89d970000 - 0x00007ff89d9c1000 	C:\Windows\system32\SHLWAPI.dll
0x00007ff89fb10000 - 0x00007ff89fc81000 	C:\Windows\system32\USER32.dll
0x00007ff89dcf0000 - 0x00007ff89de68000 	C:\Windows\system32\ole32.dll
0x00007ff89e270000 - 0x00007ff89f67f000 	C:\Windows\system32\SHELL32.dll
0x00007ff89ca50000 - 0x00007ff89ca6e000 	C:\Windows\SYSTEM32\USERENV.dll
0x00007ff8a0040000 - 0x00007ff8a00e5000 	C:\Windows\system32\ADVAPI32.dll
0x00007ff890440000 - 0x00007ff89045b000 	C:\Windows\SYSTEM32\MPR.dll
0x00007ff89f9d0000 - 0x00007ff89fb07000 	C:\Windows\system32\RPCRT4.dll
0x00007ff89dfc0000 - 0x00007ff89e017000 	C:\Windows\SYSTEM32\sechost.dll
0x00007ff89d9d0000 - 0x00007ff89dba6000 	C:\Windows\SYSTEM32\combase.dll
0x00007ff89f680000 - 0x00007ff89f7c4000 	C:\Windows\system32\GDI32.dll
0x00007ff89d460000 - 0x00007ff89d474000 	C:\Windows\SYSTEM32\profapi.dll
0x00007ff89b730000 - 0x00007ff89b7cf000 	C:\Windows\SYSTEM32\SHCORE.dll
0x00007ff89df80000 - 0x00007ff89dfb4000 	C:\Windows\system32\IMM32.DLL
0x00007ff89dbb0000 - 0x00007ff89dce9000 	C:\Windows\system32\MSCTF.dll
0x00007ff89b060000 - 0x00007ff89b2ba000 	C:\Windows\WinSxS\amd64_microsoft.windows.common-controls_6595b64144ccf1df_6.0.9600.17031_none_6242a4b3ecbb55a1\COMCTL32.dll
0x0000000056590000 - 0x0000000056662000 	C:\Program Files\Java\jdk1.8.0_31\jre\bin\msvcr100.dll
0x0000000059690000 - 0x0000000059eea000 	C:\Program Files\Java\jdk1.8.0_31\jre\bin\server\jvm.dll
0x00007ff894620000 - 0x00007ff894629000 	C:\Windows\SYSTEM32\WSOCK32.dll
0x00007ff895400000 - 0x00007ff89541f000 	C:\Windows\SYSTEM32\WINMM.dll
0x00007ff89ff50000 - 0x00007ff89ff57000 	C:\Windows\system32\PSAPI.DLL
0x00007ff89f7d0000 - 0x00007ff89f828000 	C:\Windows\system32\WS2_32.dll
0x00007ff8953d0000 - 0x00007ff8953fa000 	C:\Windows\SYSTEM32\WINMMBASE.dll
0x00007ff89ff90000 - 0x00007ff89ff99000 	C:\Windows\system32\NSI.dll
0x00007ff89d8d0000 - 0x00007ff89d91a000 	C:\Windows\SYSTEM32\cfgmgr32.dll
0x00007ff89c2c0000 - 0x00007ff89c2e6000 	C:\Windows\SYSTEM32\DEVOBJ.dll
0x0000000059680000 - 0x000000005968f000 	C:\Program Files\Java\jdk1.8.0_31\jre\bin\verify.dll
0x0000000059650000 - 0x0000000059678000 	C:\Program Files\Java\jdk1.8.0_31\jre\bin\java.dll
0x0000000059630000 - 0x0000000059646000 	C:\Program Files\Java\jdk1.8.0_31\jre\bin\zip.dll
0x00007ff89cd00000 - 0x00007ff89cd1e000 	C:\Windows\SYSTEM32\CRYPTSP.dll
0x00007ff89c940000 - 0x00007ff89c975000 	C:\Windows\system32\rsaenh.dll
0x00007ff89cf40000 - 0x00007ff89cf66000 	C:\Windows\SYSTEM32\bcrypt.dll
0x00007ff89d2d0000 - 0x00007ff89d330000 	C:\Windows\system32\bcryptprimitives.dll
0x00007ff89d3a0000 - 0x00007ff89d3aa000 	C:\Windows\SYSTEM32\CRYPTBASE.dll
0x0000000059420000 - 0x000000005943a000 	C:\Program Files\Java\jdk1.8.0_31\jre\bin\net.dll
0x00007ff89cca0000 - 0x00007ff89ccf8000 	C:\Windows\system32\mswsock.dll
0x00007ff898100000 - 0x00007ff898129000 	C:\Windows\SYSTEM32\IPHLPAPI.DLL
0x00007ff8980e0000 - 0x00007ff8980ea000 	C:\Windows\SYSTEM32\WINNSI.DLL
0x00007ff897910000 - 0x00007ff897924000 	C:\Windows\SYSTEM32\dhcpcsvc6.DLL
0x00007ff897e80000 - 0x00007ff897e99000 	C:\Windows\SYSTEM32\dhcpcsvc.DLL
0x0000000059400000 - 0x0000000059411000 	C:\Program Files\Java\jdk1.8.0_31\jre\bin\nio.dll
0x00007ff888ee0000 - 0x00007ff888ef2000 	C:\Users\Lenovo\AppData\Local\Temp\native-platform8804394014068850246dir\native-platform.dll
0x00007ff887470000 - 0x00007ff8875f8000 	C:\Windows\SYSTEM32\dbghelp.dll

VM Arguments:
jvm_args: -XX:MaxPermSize=256m -XX:+HeapDumpOnOutOfMemoryError -Xmx1024m -Dfile.encoding=windows-1252 -Duser.country=US -Duser.language=en -Duser.variant 
java_command: org.gradle.launcher.daemon.bootstrap.GradleDaemon 2.2.1 C:\Users\Lenovo\.gradle\daemon 10800000 44e0847d-a856-48f0-9648-cf013cbb6e4f -XX:MaxPermSize=256m -XX:+HeapDumpOnOutOfMemoryError -Xmx1024m -Dfile.encoding=windows-1252 -Duser.country=US -Duser.language=en -Duser.variant
java_class_path (initial): C:\Program Files\Android\Android Studio\gradle\gradle-2.2.1\lib\gradle-launcher-2.2.1.jar
Launcher Type: SUN_STANDARD

Environment Variables:
PATH=C:\Program Files (x86)\AMD APP\bin\x86_64;C:\Program Files (x86)\AMD APP\bin\x86;C:\ProgramData\Oracle\Java\javapath;C:\Windows\system32;C:\Windows;C:\Windows\System32\Wbem;C:\Windows\System32\WindowsPowerShell\v1.0\;C:\Program Files (x86)\ATI Technologies\ATI.ACE\Core-Static;C:\Program Files\Intel\WiFi\bin\;C:\Program Files\Common Files\Intel\WirelessCommon\;C:\Program Files (x86)\Intel\OpenCL SDK\2.0\bin\x86;C:\Program Files (x86)\Intel\OpenCL SDK\2.0\bin\x64;C:\Program Files (x86)\AMD\ATI.ACE\Core-Static;C:\Python27;C:\Program Files (x86)\Skype\Phone\;C:\ProgramData\Oracle\Java\javapath;C:\Windows\system32;C:\Windows;C:\Windows\System32\Wbem;C:\Windows\System32\WindowsPowerShell\v1.0\;C:\Program Files (x86)\ATI Technologies\ATI.ACE\Core-Static;C:\Program Files\Intel\WiFi\bin\;C:\Program Files\Common Files\Intel\WirelessCommon\;C:\Program Files (x86)\Intel\OpenCL SDK\2.0\bin\x86;C:\Program Files (x86)\Intel\OpenCL SDK\2.0\bin\x64;C:\Program Files (x86)\AMD\ATI.ACE\Core-Static;C:\Python27
USERNAME=Lenovo
OS=Windows_NT
PROCESSOR_IDENTIFIER=Intel64 Family 6 Model 42 Stepping 7, GenuineIntel



---------------  S Y S T E M  ---------------

OS: Windows 8.1 , 64 bit Build 9600 

CPU:total 4 (2 cores per cpu, 2 threads per core) family 6 model 42 stepping 7, cmov, cx8, fxsr, mmx, sse, sse2, sse3, ssse3, sse4.1, sse4.2, popcnt, avx, aes, clmul, ht, tsc, tscinvbit

Memory: 4k page, physical 6202968k(2313564k free), swap 12494424k(7862832k free)

vm_info: Java HotSpot(TM) 64-Bit Server VM (25.31-b07) for windows-amd64 JRE (1.8.0_31-b13), built on Dec 17 2014 21:00:28 by "java_re" with MS VC++ 10.0 (VS2010)

time: Wed Apr 01 07:55:51 2015
elapsed time: 29 seconds (0d 0h 0m 29s)

