#
# A fatal error has been detected by the Java Runtime Environment:
#
#  EXCEPTION_ACCESS_VIOLATION (0xc0000005) at pc=0x0000000070161460, pid=4496, tid=4912
#
# JRE version: Java(TM) SE Runtime Environment (8.0_31-b13) (build 1.8.0_31-b13)
# Java VM: Java HotSpot(TM) 64-Bit Server VM (25.31-b07 mixed mode windows-amd64 compressed oops)
# Problematic frame:
# V  [jvm.dll+0xa1460]
#
# Failed to write core dump. Minidumps are not enabled by default on client versions of Windows
#
# If you would like to submit a bug report, please visit:
#   http://bugreport.java.com/bugreport/crash.jsp
#

---------------  T H R E A D  ---------------

Current thread (0x000000000244c800):  GCTaskThread [stack: 0x0000000011f60000,0x0000000012060000] [id=4912]

siginfo: ExceptionCode=0xc0000005, reading address 0x0000000000010008

Registers:
RAX=0x0000000000000000, RBX=0x00000000f0fb29da, RCX=0x00000000f0fb29da, RDX=0x0000000000010000
RSP=0x000000001205f808, RBP=0x00000000118f7901, RSI=0x0000000014bc4a00, RDI=0x00000000c0f1f218
R8 =0x0000000014bc4a00, R9 =0x000000000000002c, R10=0x0000000000000000, R11=0x00000000f67ac7b8
R12=0x00000000118f78f8, R13=0x1fc1000000000000, R14=0x0000000000000000, R15=0x0000000002443350
RIP=0x0000000070161460, EFLAGS=0x0000000000010206

Top of Stack: (sp=0x000000001205f808)
0x000000001205f808:   000000007049fe42 00000000f0fb2748
0x000000001205f818:   0000000000000008 0000000014bc4a00
0x000000001205f828:   000000007089d4f0 00000000f67a8000
0x000000001205f838:   0000000000001000 000000001205f8e8
0x000000001205f848:   0000000006f10000 0000000000000000
0x000000001205f858:   0000000014bc4a00 00000000118f78f8
0x000000001205f868:   00000000704a01d0 00000000f67ac820
0x000000001205f878:   00000000118f7901 0000000014bc4a00
0x000000001205f888:   00000000c0f1f218 00000000f67ac820
0x000000001205f898:   00000000704a0d85 00000000f083fa80
0x000000001205f8a8:   00000000118f7901 0000000014bc4a00
0x000000001205f8b8:   000000007049f48b 0000000000000190
0x000000001205f8c8:   00000000022b0000 0000000000000000
0x000000001205f8d8:   00000000701c50c7 0000000014bc4a00
0x000000001205f8e8:   00000000701c3103 00000000c0d588e9
0x000000001205f8f8:   00000000c0d588e9 00000000c0f1f1b8 

Instructions: (pc=0x0000000070161460)
0x0000000070161440:   48 8d 05 d1 3a 51 00 48 89 44 24 30 e8 8f 40 1d
0x0000000070161450:   00 48 81 c4 c0 00 00 00 5b c3 cc cc cc cc cc cc
0x0000000070161460:   44 8b 42 08 4c 8b ca 45 85 c0 7e 0e 41 f6 c0 01
0x0000000070161470:   75 57 41 c1 f8 03 41 8b c0 c3 79 4d 80 3d 26 2f 


Register to memory mapping:

RAX=0x0000000000000000 is an unknown value
RBX=0x00000000f0fb29da is an unknown value
RCX=0x00000000f0fb29da is an unknown value
RDX=0x0000000000010000 is an unknown value
RSP=0x000000001205f808 is an unknown value
RBP=0x00000000118f7901 is an unknown value
RSI=0x0000000014bc4a00 is an unknown value
RDI=0x00000000c0f1f218 is an oop
org.codehaus.groovy.runtime.metaclass.MetaMethodIndex$Entry 
 - klass: 'org/codehaus/groovy/runtime/metaclass/MetaMethodIndex$Entry'
R8 =0x0000000014bc4a00 is an unknown value
R9 =0x000000000000002c is an unknown value
R10=0x0000000000000000 is an unknown value
R11=0x00000000f67ac7b8 is an oop
java.lang.reflect.Method 
 - klass: 'java/lang/reflect/Method'
R12=0x00000000118f78f8 is an unknown value
R13=0x1fc1000000000000 is an unknown value
R14=0x0000000000000000 is an unknown value
R15=0x0000000002443350 is an unknown value


Stack: [0x0000000011f60000,0x0000000012060000],  sp=0x000000001205f808,  free space=1022k
Native frames: (J=compiled Java code, j=interpreted, Vv=VM code, C=native code)
V  [jvm.dll+0xa1460]


---------------  P R O C E S S  ---------------

Java Threads: ( => current thread )
  0x0000000016f63000 JavaThread "Stdin handler" [_thread_blocked, id=4776, stack(0x0000000019030000,0x0000000019130000)]
  0x0000000016f65000 JavaThread "Cancel handler" [_thread_blocked, id=984, stack(0x0000000018e30000,0x0000000018f30000)]
  0x0000000016f5f000 JavaThread "Handler for socket connection from /127.0.0.1:49228 to /127.0.0.1:49291" [_thread_in_native, id=2260, stack(0x0000000018d30000,0x0000000018e30000)]
  0x0000000016606800 JavaThread "File lock request listener" [_thread_in_native, id=384, stack(0x000000001a700000,0x000000001a800000)]
  0x0000000017768800 JavaThread "Daemon worker" [_thread_blocked, id=2620, stack(0x0000000018f30000,0x0000000019030000)]
  0x0000000017996800 JavaThread "Daemon" [_thread_blocked, id=3892, stack(0x0000000018c30000,0x0000000018d30000)]
  0x0000000017750800 JavaThread "Incoming local TCP Connector on port 49228" [_thread_in_native, id=3904, stack(0x0000000018930000,0x0000000018a30000)]
  0x0000000014c5e000 JavaThread "Service Thread" daemon [_thread_blocked, id=4960, stack(0x0000000016850000,0x0000000016950000)]
  0x0000000014c07800 JavaThread "C1 CompilerThread2" daemon [_thread_blocked, id=4952, stack(0x0000000016350000,0x0000000016450000)]
  0x0000000014c04800 JavaThread "C2 CompilerThread1" daemon [_thread_in_native, id=4944, stack(0x0000000016250000,0x0000000016350000)]
  0x0000000014bff000 JavaThread "C2 CompilerThread0" daemon [_thread_in_native, id=4744, stack(0x0000000016150000,0x0000000016250000)]
  0x0000000014bfe000 JavaThread "Attach Listener" daemon [_thread_blocked, id=5068, stack(0x0000000016050000,0x0000000016150000)]
  0x0000000014bfd000 JavaThread "Signal Dispatcher" daemon [_thread_blocked, id=5028, stack(0x0000000015f50000,0x0000000016050000)]
  0x0000000002527000 JavaThread "Finalizer" daemon [_thread_blocked, id=4664, stack(0x0000000015e50000,0x0000000015f50000)]
  0x000000000251e800 JavaThread "Reference Handler" daemon [_thread_blocked, id=4924, stack(0x0000000015d50000,0x0000000015e50000)]
  0x000000000230e800 JavaThread "main" [_thread_blocked, id=4676, stack(0x0000000002330000,0x0000000002430000)]

Other Threads:
  0x0000000014bc6800 VMThread [stack: 0x0000000015c50000,0x0000000015d50000] [id=4920]
  0x000000001647d000 WatcherThread [stack: 0x0000000016950000,0x0000000016a50000] [id=4520]

=>0x000000000244c800 (exited) GCTaskThread [stack: 0x0000000011f60000,0x0000000012060000] [id=4912]

VM state:at safepoint (normal execution)

VM Mutex/Monitor currently owned by a thread:  ([mutex/lock_event])
[0x000000000230da60] Threads_lock - owner thread: 0x0000000014bc6800
[0x000000000230dc60] Heap_lock - owner thread: 0x0000000017768800

Heap:
 PSYoungGen      total 207360K, used 188928K [0x00000000eab00000, 0x00000000f8780000, 0x0000000100000000)
  eden space 188928K, 100% used [0x00000000eab00000,0x00000000f6380000,0x00000000f6380000)
  from space 18432K, 0% used [0x00000000f7580000,0x00000000f7580000,0x00000000f8780000)
  to   space 18432K, 76% used [0x00000000f6380000,0x00000000f714c010,0x00000000f7580000)
 ParOldGen       total 72192K, used 45848K [0x00000000c0000000, 0x00000000c4680000, 0x00000000eab00000)
  object space 72192K, 63% used [0x00000000c0000000,0x00000000c2cc61c0,0x00000000c4680000)
 Metaspace       used 48241K, capacity 52119K, committed 52184K, reserved 1093632K
  class space    used 6704K, capacity 7932K, committed 7936K, reserved 1048576K

Card table byte_map: [0x00000000118f0000,0x0000000011b00000] byte_map_base: 0x00000000112f0000

Marking Bits: (ParMarkBitMap*) 0x000000007089d4f0
 Begin Bits: [0x0000000012060000, 0x0000000013060000)
 End Bits:   [0x0000000013060000, 0x0000000014060000)

Polling page: 0x0000000002280000

CodeCache: size=245760Kb used=20615Kb max_used=20615Kb free=225144Kb
 bounds [0x0000000002530000, 0x0000000003970000, 0x0000000011530000]
 total_blobs=6171 nmethods=5512 adapters=571
 compilation: enabled

Compilation events (10 events):
Event: 51.334 Thread 0x0000000014c07800 6229       2       org.gradle.api.tasks.compile.JavaCompile_Decorated::getMetaClass (30 bytes)
Event: 51.335 Thread 0x0000000014c07800 nmethod 6229 0x0000000003962790 code [0x0000000003962940, 0x0000000003962c88]
Event: 51.343 Thread 0x0000000014c07800 6230   !   2       org.gradle.api.internal.file.FileOperations$file::call (34 bytes)
Event: 51.344 Thread 0x0000000014c07800 nmethod 6230 0x0000000003963190 code [0x0000000003963340, 0x0000000003963698]
Event: 51.345 Thread 0x0000000014c07800 6231       2       org.gradle.api.internal.project.AbstractProject::getConvention (8 bytes)
Event: 51.345 Thread 0x0000000014c07800 nmethod 6231 0x0000000003963990 code [0x0000000003963ae0, 0x0000000003963c30]
Event: 51.350 Thread 0x0000000014c07800 6232       1       org.gradle.api.tasks.AbstractCopyTask::getMainSpec (5 bytes)
Event: 51.350 Thread 0x0000000014c07800 nmethod 6232 0x0000000003963cd0 code [0x0000000003963e20, 0x0000000003963f30]
Event: 51.356 Thread 0x0000000014c07800 6233       2       org.codehaus.groovy.runtime.callsite.StaticMetaMethodSite::callStatic (23 bytes)
Event: 51.357 Thread 0x0000000014c07800 nmethod 6233 0x0000000003963f90 code [0x0000000003964120, 0x0000000003964358]

GC Heap History (10 events):
Event: 33.436 GC heap after
Heap after GC invocations=17 (full 1):
 PSYoungGen      total 175104K, used 5773K [0x00000000eab00000, 0x00000000f6780000, 0x0000000100000000)
  eden space 160256K, 0% used [0x00000000eab00000,0x00000000eab00000,0x00000000f4780000)
  from space 14848K, 38% used [0x00000000f5580000,0x00000000f5b23760,0x00000000f6400000)
  to   space 14336K, 0% used [0x00000000f4780000,0x00000000f4780000,0x00000000f5580000)
 ParOldGen       total 37888K, used 27436K [0x00000000c0000000, 0x00000000c2500000, 0x00000000eab00000)
  object space 37888K, 72% used [0x00000000c0000000,0x00000000c1acb1f8,0x00000000c2500000)
 Metaspace       used 33896K, capacity 35182K, committed 35416K, reserved 1079296K
  class space    used 4462K, capacity 4964K, committed 4992K, reserved 1048576K
}
Event: 33.436 GC heap before
{Heap before GC invocations=18 (full 2):
 PSYoungGen      total 175104K, used 5773K [0x00000000eab00000, 0x00000000f6780000, 0x0000000100000000)
  eden space 160256K, 0% used [0x00000000eab00000,0x00000000eab00000,0x00000000f4780000)
  from space 14848K, 38% used [0x00000000f5580000,0x00000000f5b23760,0x00000000f6400000)
  to   space 14336K, 0% used [0x00000000f4780000,0x00000000f4780000,0x00000000f5580000)
 ParOldGen       total 37888K, used 27436K [0x00000000c0000000, 0x00000000c2500000, 0x00000000eab00000)
  object space 37888K, 72% used [0x00000000c0000000,0x00000000c1acb1f8,0x00000000c2500000)
 Metaspace       used 33896K, capacity 35182K, committed 35416K, reserved 1079296K
  class space    used 4462K, capacity 4964K, committed 4992K, reserved 1048576K
Event: 33.752 GC heap after
Heap after GC invocations=18 (full 2):
 PSYoungGen      total 175104K, used 0K [0x00000000eab00000, 0x00000000f6780000, 0x0000000100000000)
  eden space 160256K, 0% used [0x00000000eab00000,0x00000000eab00000,0x00000000f4780000)
  from space 14848K, 0% used [0x00000000f5580000,0x00000000f5580000,0x00000000f6400000)
  to   space 14336K, 0% used [0x00000000f4780000,0x00000000f4780000,0x00000000f5580000)
 ParOldGen       total 72192K, used 27572K [0x00000000c0000000, 0x00000000c4680000, 0x00000000eab00000)
  object space 72192K, 38% used [0x00000000c0000000,0x00000000c1aed2e8,0x00000000c4680000)
 Metaspace       used 33896K, capacity 35182K, committed 35416K, reserved 1079296K
  class space    used 4462K, capacity 4964K, committed 4992K, reserved 1048576K
}
Event: 37.765 GC heap before
{Heap before GC invocations=19 (full 2):
 PSYoungGen      total 175104K, used 160256K [0x00000000eab00000, 0x00000000f6780000, 0x0000000100000000)
  eden space 160256K, 100% used [0x00000000eab00000,0x00000000f4780000,0x00000000f4780000)
  from space 14848K, 0% used [0x00000000f5580000,0x00000000f5580000,0x00000000f6400000)
  to   space 14336K, 0% used [0x00000000f4780000,0x00000000f4780000,0x00000000f5580000)
 ParOldGen       total 72192K, used 27572K [0x00000000c0000000, 0x00000000c4680000, 0x00000000eab00000)
  object space 72192K, 38% used [0x00000000c0000000,0x00000000c1aed2e8,0x00000000c4680000)
 Metaspace       used 39705K, capacity 41572K, committed 41816K, reserved 1085440K
  class space    used 5443K, capacity 6185K, committed 6272K, reserved 1048576K
Event: 37.803 GC heap after
Heap after GC invocations=19 (full 2):
 PSYoungGen      total 174592K, used 14336K [0x00000000eab00000, 0x00000000f8780000, 0x0000000100000000)
  eden space 160256K, 0% used [0x00000000eab00000,0x00000000eab00000,0x00000000f4780000)
  from space 14336K, 100% used [0x00000000f4780000,0x00000000f5580000,0x00000000f5580000)
  to   space 18432K, 0% used [0x00000000f7580000,0x00000000f7580000,0x00000000f8780000)
 ParOldGen       total 72192K, used 31386K [0x00000000c0000000, 0x00000000c4680000, 0x00000000eab00000)
  object space 72192K, 43% used [0x00000000c0000000,0x00000000c1ea68f0,0x00000000c4680000)
 Metaspace       used 39705K, capacity 41572K, committed 41816K, reserved 1085440K
  class space    used 5443K, capacity 6185K, committed 6272K, reserved 1048576K
}
Event: 40.529 GC heap before
{Heap before GC invocations=20 (full 2):
 PSYoungGen      total 174592K, used 117029K [0x00000000eab00000, 0x00000000f8780000, 0x0000000100000000)
  eden space 160256K, 64% used [0x00000000eab00000,0x00000000f0f497f0,0x00000000f4780000)
  from space 14336K, 100% used [0x00000000f4780000,0x00000000f5580000,0x00000000f5580000)
  to   space 18432K, 0% used [0x00000000f7580000,0x00000000f7580000,0x00000000f8780000)
 ParOldGen       total 72192K, used 31386K [0x00000000c0000000, 0x00000000c4680000, 0x00000000eab00000)
  object space 72192K, 43% used [0x00000000c0000000,0x00000000c1ea68f0,0x00000000c4680000)
 Metaspace       used 43227K, capacity 46433K, committed 46680K, reserved 1089536K
  class space    used 6019K, capacity 7023K, committed 7040K, reserved 1048576K
Event: 40.575 GC heap after
Heap after GC invocations=20 (full 2):
 PSYoungGen      total 207360K, used 10354K [0x00000000eab00000, 0x00000000f8780000, 0x0000000100000000)
  eden space 188928K, 0% used [0x00000000eab00000,0x00000000eab00000,0x00000000f6380000)
  from space 18432K, 56% used [0x00000000f7580000,0x00000000f7f9cb40,0x00000000f8780000)
  to   space 18432K, 0% used [0x00000000f6380000,0x00000000f6380000,0x00000000f7580000)
 ParOldGen       total 72192K, used 45667K [0x00000000c0000000, 0x00000000c4680000, 0x00000000eab00000)
  object space 72192K, 63% used [0x00000000c0000000,0x00000000c2c98e80,0x00000000c4680000)
 Metaspace       used 43227K, capacity 46433K, committed 46680K, reserved 1089536K
  class space    used 6019K, capacity 7023K, committed 7040K, reserved 1048576K
}
Event: 40.575 GC heap before
{Heap before GC invocations=21 (full 3):
 PSYoungGen      total 207360K, used 10354K [0x00000000eab00000, 0x00000000f8780000, 0x0000000100000000)
  eden space 188928K, 0% used [0x00000000eab00000,0x00000000eab00000,0x00000000f6380000)
  from space 18432K, 56% used [0x00000000f7580000,0x00000000f7f9cb40,0x00000000f8780000)
  to   space 18432K, 0% used [0x00000000f6380000,0x00000000f6380000,0x00000000f7580000)
 ParOldGen       total 72192K, used 45667K [0x00000000c0000000, 0x00000000c4680000, 0x00000000eab00000)
  object space 72192K, 63% used [0x00000000c0000000,0x00000000c2c98e80,0x00000000c4680000)
 Metaspace       used 43227K, capacity 46433K, committed 46680K, reserved 1089536K
  class space    used 6019K, capacity 7023K, committed 7040K, reserved 1048576K
Event: 41.122 GC heap after
Heap after GC invocations=21 (full 3):
 PSYoungGen      total 207360K, used 0K [0x00000000eab00000, 0x00000000f8780000, 0x0000000100000000)
  eden space 188928K, 0% used [0x00000000eab00000,0x00000000eab00000,0x00000000f6380000)
  from space 18432K, 0% used [0x00000000f7580000,0x00000000f7580000,0x00000000f8780000)
  to   space 18432K, 0% used [0x00000000f6380000,0x00000000f6380000,0x00000000f7580000)
 ParOldGen       total 72192K, used 45840K [0x00000000c0000000, 0x00000000c4680000, 0x00000000eab00000)
  object space 72192K, 63% used [0x00000000c0000000,0x00000000c2cc41c0,0x00000000c4680000)
 Metaspace       used 43159K, capacity 46205K, committed 46680K, reserved 1089536K
  class space    used 6005K, capacity 6955K, committed 7040K, reserved 1048576K
}
Event: 51.358 GC heap before
{Heap before GC invocations=22 (full 3):
 PSYoungGen      total 207360K, used 188928K [0x00000000eab00000, 0x00000000f8780000, 0x0000000100000000)
  eden space 188928K, 100% used [0x00000000eab00000,0x00000000f6380000,0x00000000f6380000)
  from space 18432K, 0% used [0x00000000f7580000,0x00000000f7580000,0x00000000f8780000)
  to   space 18432K, 0% used [0x00000000f6380000,0x00000000f6380000,0x00000000f7580000)
 ParOldGen       total 72192K, used 45840K [0x00000000c0000000, 0x00000000c4680000, 0x00000000eab00000)
  object space 72192K, 63% used [0x00000000c0000000,0x00000000c2cc41c0,0x00000000c4680000)
 Metaspace       used 48241K, capacity 52119K, committed 52184K, reserved 1093632K
  class space    used 6704K, capacity 7932K, committed 7936K, reserved 1048576K

Deoptimization events (10 events):
Event: 39.898 Thread 0x0000000017768800 Uncommon trap: reason=bimorphic action=maybe_recompile pc=0x00000000031f82e0 method=java.util.regex.Pattern$5.isSatisfiedBy(I)Z @ 16
Event: 39.898 Thread 0x0000000017768800 Uncommon trap: reason=bimorphic action=maybe_recompile pc=0x00000000031f82e0 method=java.util.regex.Pattern$5.isSatisfiedBy(I)Z @ 16
Event: 39.898 Thread 0x0000000017768800 Uncommon trap: reason=bimorphic action=maybe_recompile pc=0x00000000031f82e0 method=java.util.regex.Pattern$5.isSatisfiedBy(I)Z @ 16
Event: 39.898 Thread 0x0000000017768800 Uncommon trap: reason=bimorphic action=maybe_recompile pc=0x00000000031f82e0 method=java.util.regex.Pattern$5.isSatisfiedBy(I)Z @ 16
Event: 40.366 Thread 0x0000000017768800 Uncommon trap: reason=bimorphic action=maybe_recompile pc=0x0000000002f6adc8 method=org.codehaus.groovy.runtime.metaclass.MetaMethodIndex.addMethodToList(Ljava/lang/Object;Lgroovy/lang/MetaMethod;)Ljava/lang/Object; @ 91
Event: 40.366 Thread 0x0000000017768800 Uncommon trap: reason=unreached action=reinterpret pc=0x0000000002f6ad08 method=org.codehaus.groovy.runtime.metaclass.MetaMethodIndex.isNonRealMethod(Lgroovy/lang/MetaMethod;)Z @ 4
Event: 40.527 Thread 0x0000000017768800 Uncommon trap: reason=unreached action=reinterpret pc=0x00000000032ee7e0 method=java.util.concurrent.locks.AbstractQueuedSynchronizer.release(I)Z @ 14
Event: 41.122 Thread 0x0000000017768800 Uncommon trap: reason=unreached action=reinterpret pc=0x000000000269fc94 method=java.util.concurrent.locks.AbstractQueuedSynchronizer.release(I)Z @ 14
Event: 50.580 Thread 0x0000000017768800 Uncommon trap: reason=bimorphic action=maybe_recompile pc=0x000000000333321c method=org.codehaus.groovy.util.SingleKeyHashMap.get(Ljava/lang/Object;)Ljava/lang/Object; @ 1
Event: 50.581 Thread 0x0000000017768800 Uncommon trap: reason=bimorphic action=maybe_recompile pc=0x000000000333321c method=org.codehaus.groovy.util.SingleKeyHashMap.get(Ljava/lang/Object;)Ljava/lang/Object; @ 1

Internal exceptions (10 events):
Event: 51.353 Thread 0x0000000017768800 Exception <a 'java/security/PrivilegedActionException'> (0x00000000f633acb8) thrown at [C:\workspace\8-2-build-windows-amd64-cygwin\jdk8u31\2394\hotspot\src\share\vm\prims\jvm.cpp, line 1312]
Event: 51.353 Thread 0x0000000017768800 Exception <a 'java/security/PrivilegedActionException'> (0x00000000f6341f78) thrown at [C:\workspace\8-2-build-windows-amd64-cygwin\jdk8u31\2394\hotspot\src\share\vm\prims\jvm.cpp, line 1312]
Event: 51.353 Thread 0x0000000017768800 Exception <a 'java/lang/ClassNotFoundException': com/android/build/gradle/internal/variant/VariantHelperBeanInfo> (0x00000000f6342b38) thrown at [C:\workspace\8-2-build-windows-amd64-cygwin\jdk8u31\2394\hotspot\src\share\vm\classfile\systemDictionary.cpp, %v„?­I@
Event: 51.354 Thread 0x0000000017768800 Exception <a 'java/security/PrivilegedActionException'> (0x00000000f6348c60) thrown at [C:\workspace\8-2-build-windows-amd64-cygwin\jdk8u31\2394\hotspot\src\share\vm\prims\jvm.cpp, line 1312]
Event: 51.354 Thread 0x0000000017768800 Exception <a 'java/security/PrivilegedActionException'> (0x00000000f634a980) thrown at [C:\workspace\8-2-build-windows-amd64-cygwin\jdk8u31\2394\hotspot\src\share\vm\prims\jvm.cpp, line 1312]
Event: 51.354 Thread 0x0000000017768800 Exception <a 'java/security/PrivilegedActionException'> (0x00000000f634c4f0) thrown at [C:\workspace\8-2-build-windows-amd64-cygwin\jdk8u31\2394\hotspot\src\share\vm\prims\jvm.cpp, line 1312]
Event: 51.354 Thread 0x0000000017768800 Exception <a 'java/security/PrivilegedActionException'> (0x00000000f6353940) thrown at [C:\workspace\8-2-build-windows-amd64-cygwin\jdk8u31\2394\hotspot\src\share\vm\prims\jvm.cpp, line 1312]
Event: 51.354 Thread 0x0000000017768800 Exception <a 'java/lang/ClassNotFoundException': com/android/build/gradle/internal/variant/VariantHelperCustomizer> (0x00000000f6354508) thrown at [C:\workspace\8-2-build-windows-amd64-cygwin\jdk8u31\2394\hotspot\src\share\vm\classfile\systemDictionary.cpp
Event: 51.357 Thread 0x0000000017768800 Exception <a 'java/security/PrivilegedActionException'> (0x00000000f6377540) thrown at [C:\workspace\8-2-build-windows-amd64-cygwin\jdk8u31\2394\hotspot\src\share\vm\prims\jvm.cpp, line 1312]
Event: 51.357 Thread 0x0000000017768800 Exception <a 'java/security/PrivilegedActionException'> (0x00000000f63790e0) thrown at [C:\workspace\8-2-build-windows-amd64-cygwin\jdk8u31\2394\hotspot\src\share\vm\prims\jvm.cpp, line 1312]

Events (10 events):
Event: 51.353 loading class com/android/build/gradle/internal/variant/VariantHelperBeanInfo done
Event: 51.353 loading class com/android/build/gradle/internal/variant/VariantHelperBeanInfo
Event: 51.353 loading class com/android/build/gradle/internal/variant/VariantHelperBeanInfo done
Event: 51.354 loading class com/android/build/gradle/internal/variant/VariantHelperCustomizer
Event: 51.354 loading class com/android/build/gradle/internal/variant/VariantHelperCustomizer done
Event: 51.354 loading class com/android/build/gradle/internal/variant/VariantHelperCustomizer
Event: 51.354 loading class com/android/build/gradle/internal/variant/VariantHelperCustomizer done
Event: 51.357 loading class groovy/runtime/metaclass/com/android/build/gradle/internal/variant/VariantHelper$_setupDefaultConfig_closure1MetaClass
Event: 51.357 loading class groovy/runtime/metaclass/com/android/build/gradle/internal/variant/VariantHelper$_setupDefaultConfig_closure1MetaClass done
Event: 51.357 Executing VM operation: ParallelGCFailedAllocation


Dynamic libraries:
0x00007ff666df0000 - 0x00007ff666e24000 	C:\Program Files\Java\jdk1.8.0_31\bin\java.exe
0x00007ffe13ea0000 - 0x00007ffe1404c000 	C:\Windows\SYSTEM32\ntdll.dll
0x00007ffe12c90000 - 0x00007ffe12dca000 	C:\Windows\system32\KERNEL32.DLL
0x00007ffe112e0000 - 0x00007ffe113ef000 	C:\Windows\system32\KERNELBASE.dll
0x00007ffe0fb70000 - 0x00007ffe0fbf8000 	C:\Windows\system32\apphelp.dll
0x00007ffdf9700000 - 0x00007ffdf974f000 	C:\Windows\AppPatch\AppPatch64\AcGenral.DLL
0x00007ffe117d0000 - 0x00007ffe11877000 	C:\Windows\system32\msvcrt.dll
0x00007ffe110c0000 - 0x00007ffe110eb000 	C:\Windows\SYSTEM32\SspiCli.dll
0x00007ffe13ca0000 - 0x00007ffe13cf1000 	C:\Windows\system32\SHLWAPI.dll
0x00007ffe13430000 - 0x00007ffe135a1000 	C:\Windows\system32\USER32.dll
0x00007ffe13d20000 - 0x00007ffe13e98000 	C:\Windows\system32\ole32.dll
0x00007ffe11880000 - 0x00007ffe12c8f000 	C:\Windows\system32\SHELL32.dll
0x00007ffe10800000 - 0x00007ffe1081e000 	C:\Windows\SYSTEM32\USERENV.dll
0x00007ffe13b80000 - 0x00007ffe13c25000 	C:\Windows\system32\ADVAPI32.dll
0x00007ffe047c0000 - 0x00007ffe047db000 	C:\Windows\SYSTEM32\MPR.dll
0x00007ffe13280000 - 0x00007ffe133b7000 	C:\Windows\system32\RPCRT4.dll
0x00007ffe13c40000 - 0x00007ffe13c97000 	C:\Windows\SYSTEM32\sechost.dll
0x00007ffe139a0000 - 0x00007ffe13b76000 	C:\Windows\SYSTEM32\combase.dll
0x00007ffe13650000 - 0x00007ffe13794000 	C:\Windows\system32\GDI32.dll
0x00007ffe11210000 - 0x00007ffe11224000 	C:\Windows\SYSTEM32\profapi.dll
0x00007ffe0f460000 - 0x00007ffe0f4ff000 	C:\Windows\SYSTEM32\SHCORE.dll
0x00007ffe13240000 - 0x00007ffe13274000 	C:\Windows\system32\IMM32.DLL
0x00007ffe12ea0000 - 0x00007ffe12fd9000 	C:\Windows\system32\MSCTF.dll
0x00007ffe0ee20000 - 0x00007ffe0f07a000 	C:\Windows\WinSxS\amd64_microsoft.windows.common-controls_6595b64144ccf1df_6.0.9600.17031_none_6242a4b3ecbb55a1\COMCTL32.dll
0x000000006fbe0000 - 0x000000006fcb2000 	C:\Program Files\Java\jdk1.8.0_31\jre\bin\msvcr100.dll
0x00000000700c0000 - 0x000000007091a000 	C:\Program Files\Java\jdk1.8.0_31\jre\bin\server\jvm.dll
0x00007ffe07f40000 - 0x00007ffe07f49000 	C:\Windows\SYSTEM32\WSOCK32.dll
0x00007ffe088d0000 - 0x00007ffe088ef000 	C:\Windows\SYSTEM32\WINMM.dll
0x00007ffe13050000 - 0x00007ffe13057000 	C:\Windows\system32\PSAPI.DLL
0x00007ffe13940000 - 0x00007ffe13998000 	C:\Windows\system32\WS2_32.dll
0x00007ffe088a0000 - 0x00007ffe088ca000 	C:\Windows\SYSTEM32\WINMMBASE.dll
0x00007ffe133c0000 - 0x00007ffe133c9000 	C:\Windows\system32\NSI.dll
0x00007ffe116d0000 - 0x00007ffe1171a000 	C:\Windows\SYSTEM32\cfgmgr32.dll
0x00007ffe10080000 - 0x00007ffe100a6000 	C:\Windows\SYSTEM32\DEVOBJ.dll
0x00000000700b0000 - 0x00000000700bf000 	C:\Program Files\Java\jdk1.8.0_31\jre\bin\verify.dll
0x0000000070080000 - 0x00000000700a8000 	C:\Program Files\Java\jdk1.8.0_31\jre\bin\java.dll
0x0000000070060000 - 0x0000000070076000 	C:\Program Files\Java\jdk1.8.0_31\jre\bin\zip.dll
0x00007ffe10ab0000 - 0x00007ffe10ace000 	C:\Windows\SYSTEM32\CRYPTSP.dll
0x00007ffe106f0000 - 0x00007ffe10725000 	C:\Windows\system32\rsaenh.dll
0x00007ffe10cf0000 - 0x00007ffe10d16000 	C:\Windows\SYSTEM32\bcrypt.dll
0x00007ffe110f0000 - 0x00007ffe11150000 	C:\Windows\system32\bcryptprimitives.dll
0x00007ffe11150000 - 0x00007ffe1115a000 	C:\Windows\SYSTEM32\CRYPTBASE.dll
0x000000006fdf0000 - 0x000000006fe0a000 	C:\Program Files\Java\jdk1.8.0_31\jre\bin\net.dll
0x00007ffe10a50000 - 0x00007ffe10aa8000 	C:\Windows\system32\mswsock.dll
0x00007ffe0c320000 - 0x00007ffe0c349000 	C:\Windows\SYSTEM32\IPHLPAPI.DLL
0x00007ffe0c2f0000 - 0x00007ffe0c2fa000 	C:\Windows\SYSTEM32\WINNSI.DLL
0x00007ffe0bd50000 - 0x00007ffe0bd64000 	C:\Windows\SYSTEM32\dhcpcsvc6.DLL
0x00007ffe0c070000 - 0x00007ffe0c089000 	C:\Windows\SYSTEM32\dhcpcsvc.DLL
0x000000006fdd0000 - 0x000000006fde1000 	C:\Program Files\Java\jdk1.8.0_31\jre\bin\nio.dll
0x00007ffdf96e0000 - 0x00007ffdf96f2000 	C:\Users\Lenovo\AppData\Local\Temp\native-platform7315629106775647275dir\native-platform.dll
0x00007ffdfb010000 - 0x00007ffdfb198000 	C:\Windows\SYSTEM32\dbghelp.dll

VM Arguments:
jvm_args: -XX:MaxPermSize=256m -XX:+HeapDumpOnOutOfMemoryError -Xmx1024m -Dfile.encoding=windows-1252 -Duser.country=US -Duser.language=en -Duser.variant 
java_command: org.gradle.launcher.daemon.bootstrap.GradleDaemon 2.2.1 C:\Users\Lenovo\.gradle\daemon 10800000 e4a747db-c05d-4de5-816f-96dba46cf03c -XX:MaxPermSize=256m -XX:+HeapDumpOnOutOfMemoryError -Xmx1024m -Dfile.encoding=windows-1252 -Duser.country=US -Duser.language=en -Duser.variant
java_class_path (initial): C:\Program Files\Android\Android Studio\gradle\gradle-2.2.1\lib\gradle-launcher-2.2.1.jar
Launcher Type: SUN_STANDARD

Environment Variables:
PATH=C:\Program Files (x86)\AMD APP\bin\x86_64;C:\Program Files (x86)\AMD APP\bin\x86;C:\ProgramData\Oracle\Java\javapath;C:\Windows\system32;C:\Windows;C:\Windows\System32\Wbem;C:\Windows\System32\WindowsPowerShell\v1.0\;C:\Program Files (x86)\ATI Technologies\ATI.ACE\Core-Static;C:\Program Files\Intel\WiFi\bin\;C:\Program Files\Common Files\Intel\WirelessCommon\;C:\Program Files (x86)\Intel\OpenCL SDK\2.0\bin\x86;C:\Program Files (x86)\Intel\OpenCL SDK\2.0\bin\x64;C:\Program Files (x86)\AMD\ATI.ACE\Core-Static;C:\Python27;C:\Program Files (x86)\Skype\Phone\;C:\ProgramData\Oracle\Java\javapath;C:\Windows\system32;C:\Windows;C:\Windows\System32\Wbem;C:\Windows\System32\WindowsPowerShell\v1.0\;C:\Program Files (x86)\ATI Technologies\ATI.ACE\Core-Static;C:\Program Files\Intel\WiFi\bin\;C:\Program Files\Common Files\Intel\WirelessCommon\;C:\Program Files (x86)\Intel\OpenCL SDK\2.0\bin\x86;C:\Program Files (x86)\Intel\OpenCL SDK\2.0\bin\x64;C:\Program Files (x86)\AMD\ATI.ACE\Core-Static;C:\Python27
USERNAME=Lenovo
OS=Windows_NT
PROCESSOR_IDENTIFIER=Intel64 Family 6 Model 42 Stepping 7, GenuineIntel



---------------  S Y S T E M  ---------------

OS: Windows 8.1 , 64 bit Build 9600 

CPU:total 4 (2 cores per cpu, 2 threads per core) family 6 model 42 stepping 7, cmov, cx8, fxsr, mmx, sse, sse2, sse3, ssse3, sse4.1, sse4.2, popcnt, avx, aes, clmul, ht, tsc, tscinvbit

Memory: 4k page, physical 6202968k(3984740k free), swap 12494424k(10215248k free)

vm_info: Java HotSpot(TM) 64-Bit Server VM (25.31-b07) for windows-amd64 JRE (1.8.0_31-b13), built on Dec 17 2014 21:00:28 by "java_re" with MS VC++ 10.0 (VS2010)

time: Thu Apr 16 15:29:02 2015
elapsed time: 51 seconds (0d 0h 0m 51s)

