#
# A fatal error has been detected by the Java Runtime Environment:
#
#  EXCEPTION_ACCESS_VIOLATION (0xc0000005) at pc=0x0000000050361460, pid=2936, tid=3244
#
# JRE version: Java(TM) SE Runtime Environment (8.0_31-b13) (build 1.8.0_31-b13)
# Java VM: Java HotSpot(TM) 64-Bit Server VM (25.31-b07 mixed mode windows-amd64 compressed oops)
# Problematic frame:
# V  [jvm.dll+0xa1460]
#
# Failed to write core dump. Minidumps are not enabled by default on client versions of Windows
#
# If you would like to submit a bug report, please visit:
#   http://bugreport.java.com/bugreport/crash.jsp
#

---------------  T H R E A D  ---------------

Current thread (0x0000000001de9800):  GCTaskThread [stack: 0x0000000011700000,0x0000000011800000] [id=3244]

siginfo: ExceptionCode=0xc0000005, reading address 0x0000000000010008

Registers:
RAX=0x0000000000000000, RBX=0x00000000faa32caa, RCX=0x00000000faa32caa, RDX=0x0000000000010000
RSP=0x00000000117ff9e8, RBP=0x0000000011294481, RSI=0x00000000145641c0, RDI=0x00000000c0881a10
R8 =0x00000000145641c0, R9 =0x0000000100000208, R10=0x00690076006f0072, R11=0x00000000f829d820
R12=0x000000001129440c, R13=0x1105000000000000, R14=0x0000000000000000, R15=0x0000000001de3350
RIP=0x0000000050361460, EFLAGS=0x0000000000010206

Top of Stack: (sp=0x00000000117ff9e8)
0x00000000117ff9e8:   000000005069fe42 0000000000000019
0x00000000117ff9f8:   0000000000000003 00000000145641c0
0x00000000117ffa08:   00000000fb95aff0 00000000f829c010
0x00000000117ffa18:   0000000000001000 0000000000000000
0x00000000117ffa28:   0000000000000005 0000000000000000
0x00000000117ffa38:   0000000014564100 000000001129440c
0x00000000117ffa48:   00000000506a01d0 00000000f8292308
0x00000000117ffa58:   0000000011294481 00000000145641c0
0x00000000117ffa68:   00000000c0881a10 00000000f8292308
0x00000000117ffa78:   00000000506a0d85 00000000faa34788
0x00000000117ffa88:   0000000011294481 00000000145641c0
0x00000000117ffa98:   0000000000000004 00000000145641c0
0x00000000117ffaa8:   00000000145641c0 00000000c038b98c
0x00000000117ffab8:   00000000503c50c7 00000000c038b995
0x00000000117ffac8:   00000000c038b995 00000000c020f86d
0x00000000117ffad8:   00000000c020f86d 00000000c0881910 

Instructions: (pc=0x0000000050361460)
0x0000000050361440:   48 8d 05 d1 3a 51 00 48 89 44 24 30 e8 8f 40 1d
0x0000000050361450:   00 48 81 c4 c0 00 00 00 5b c3 cc cc cc cc cc cc
0x0000000050361460:   44 8b 42 08 4c 8b ca 45 85 c0 7e 0e 41 f6 c0 01
0x0000000050361470:   75 57 41 c1 f8 03 41 8b c0 c3 79 4d 80 3d 26 2f 


Register to memory mapping:

RAX=0x0000000000000000 is an unknown value
RBX=0x00000000faa32caa is an unknown value
RCX=0x00000000faa32caa is an unknown value
RDX=0x0000000000010000 is an unknown value
RSP=0x00000000117ff9e8 is an unknown value
RBP=0x0000000011294481 is an unknown value
RSI=0x00000000145641c0 is an unknown value
RDI=0x00000000c0881a10 is an oop
java.beans.PropertyDescriptor 
 - klass: 'java/beans/PropertyDescriptor'
R8 =0x00000000145641c0 is an unknown value
R9 =0x0000000100000208 is pointing into metadata
R10=0x00690076006f0072 is an unknown value
R11=0x00000000f829d820 is an oop
[C 
 - klass: {type array char}
 - length: 62
R12=0x000000001129440c is an unknown value
R13=0x1105000000000000 is an unknown value
R14=0x0000000000000000 is an unknown value
R15=0x0000000001de3350 is an unknown value


Stack: [0x0000000011700000,0x0000000011800000],  sp=0x00000000117ff9e8,  free space=1022k
Native frames: (J=compiled Java code, j=interpreted, Vv=VM code, C=native code)
V  [jvm.dll+0xa1460]


---------------  P R O C E S S  ---------------

Java Threads: ( => current thread )
  0x000000001a58f800 JavaThread "Stdin handler" [_thread_blocked, id=1580, stack(0x00000000189f0000,0x0000000018af0000)]
  0x000000001a592800 JavaThread "Cancel handler" [_thread_blocked, id=5412, stack(0x00000000187f0000,0x00000000188f0000)]
  0x000000001a591000 JavaThread "Handler for socket connection from /127.0.0.1:51492 to /127.0.0.1:51586" [_thread_in_native, id=5188, stack(0x00000000186f0000,0x00000000187f0000)]
  0x000000001a594000 JavaThread "Daemon worker Thread 2" [_thread_blocked, id=5920, stack(0x00000000188f0000,0x00000000189f0000)]
  0x000000001a591800 JavaThread "Daemon Thread 2" [_thread_blocked, id=2196, stack(0x00000000185f0000,0x00000000186f0000)]
  0x000000001a534800 JavaThread "File lock request listener" [_thread_in_native, id=4368, stack(0x000000001b8a0000,0x000000001b9a0000)]
  0x00000000171ce800 JavaThread "Incoming local TCP Connector on port 51492" [_thread_in_native, id=3384, stack(0x00000000182b0000,0x00000000183b0000)]
  0x00000000145fc000 JavaThread "Service Thread" daemon [_thread_blocked, id=4616, stack(0x0000000016200000,0x0000000016300000)]
  0x00000000145a7800 JavaThread "C1 CompilerThread2" daemon [_thread_blocked, id=4740, stack(0x0000000015d00000,0x0000000015e00000)]
  0x00000000145a1000 JavaThread "C2 CompilerThread1" daemon [_thread_blocked, id=996, stack(0x0000000015c00000,0x0000000015d00000)]
  0x000000001459e800 JavaThread "C2 CompilerThread0" daemon [_thread_blocked, id=2232, stack(0x0000000015b00000,0x0000000015c00000)]
  0x000000001459d000 JavaThread "Attach Listener" daemon [_thread_blocked, id=5884, stack(0x0000000015a00000,0x0000000015b00000)]
  0x000000001459c000 JavaThread "Signal Dispatcher" daemon [_thread_blocked, id=5156, stack(0x0000000015900000,0x0000000015a00000)]
  0x0000000001ec6000 JavaThread "Finalizer" daemon [_thread_blocked, id=5852, stack(0x0000000015800000,0x0000000015900000)]
  0x0000000001ebd000 JavaThread "Reference Handler" daemon [_thread_blocked, id=3416, stack(0x0000000015700000,0x0000000015800000)]
  0x000000000057e800 JavaThread "main" [_thread_blocked, id=2516, stack(0x0000000001cd0000,0x0000000001dd0000)]

Other Threads:
  0x0000000014566000 VMThread [stack: 0x0000000015600000,0x0000000015700000] [id=1464]
  0x0000000015e32000 WatcherThread [stack: 0x0000000016300000,0x0000000016400000] [id=5496]

=>0x0000000001de9800 (exited) GCTaskThread [stack: 0x0000000011700000,0x0000000011800000] [id=3244]

VM state:at safepoint (normal execution)

VM Mutex/Monitor currently owned by a thread:  ([mutex/lock_event])
[0x000000000057d7e0] Threads_lock - owner thread: 0x0000000014566000
[0x000000000057d3e0] Heap_lock - owner thread: 0x000000001a594000

Heap:
 PSYoungGen      total 252928K, used 243670K [0x00000000eab00000, 0x00000000fcb00000, 0x0000000100000000)
  eden space 219136K, 100% used [0x00000000eab00000,0x00000000f8100000,0x00000000f8100000)
  from space 33792K, 72% used [0x00000000faa00000,0x00000000fc1f5878,0x00000000fcb00000)
  to   space 37888K, 99% used [0x00000000f8100000,0x00000000fa5f8040,0x00000000fa600000)
 ParOldGen       total 91648K, used 70069K [0x00000000c0000000, 0x00000000c5980000, 0x00000000eab00000)
  object space 91648K, 76% used [0x00000000c0000000,0x00000000c446d478,0x00000000c5980000)
 Metaspace       used 71805K, capacity 77460K, committed 77608K, reserved 1116160K
  class space    used 9889K, capacity 11788K, committed 11816K, reserved 1048576K

Card table byte_map: [0x0000000011290000,0x00000000114a0000] byte_map_base: 0x0000000010c90000

Marking Bits: (ParMarkBitMap*) 0x0000000050a9d4f0
 Begin Bits: [0x0000000011a00000, 0x0000000012a00000)
 End Bits:   [0x0000000012a00000, 0x0000000013a00000)

Polling page: 0x00000000004c0000

CodeCache: size=245760Kb used=34045Kb max_used=35451Kb free=211714Kb
 bounds [0x0000000001ed0000, 0x00000000041c0000, 0x0000000010ed0000]
 total_blobs=9746 nmethods=9063 adapters=594
 compilation: enabled

Compilation events (10 events):
Event: 337.586 Thread 0x00000000145a7800 nmethod 11163 0x0000000002cbf790 code [0x0000000002cbf980, 0x0000000002cc0168]
Event: 337.592 Thread 0x000000001459e800 nmethod 11147 0x00000000027eaf10 code [0x00000000027eb140, 0x00000000027ebb98]
Event: 337.592 Thread 0x000000001459e800 11152       4       com.google.common.collect.AbstractIndexedListIterator::next (31 bytes)
Event: 337.593 Thread 0x000000001459e800 nmethod 11152 0x0000000002bad950 code [0x0000000002badaa0, 0x0000000002badb78]
Event: 337.593 Thread 0x000000001459e800 11150       4       org.objectweb.asm.MethodWriter::a (855 bytes)
Event: 337.600 Thread 0x000000001459e800 nmethod 11150 0x00000000030d47d0 code [0x00000000030d4980, 0x00000000030d4e90]
Event: 337.600 Thread 0x000000001459e800 11151       4       org.objectweb.asm.MethodWriter::a (1618 bytes)
Event: 337.606 Thread 0x00000000145a7800 11164       3       org.codehaus.groovy.reflection.CachedClass$8::initValue (127 bytes)
Event: 337.608 Thread 0x00000000145a7800 nmethod 11164 0x00000000033c2a90 code [0x00000000033c2de0, 0x00000000033c4b68]
Event: 337.624 Thread 0x00000000145a7800 11165       3       org.gradle.api.internal.artifacts.ModuleVersionIdentifierSerializer::<init> (5 bytes)

GC Heap History (10 events):
Event: 247.776 GC heap after
Heap after GC invocations=18 (full 3):
 PSYoungGen      total 195072K, used 30693K [0x00000000eab00000, 0x00000000fb080000, 0x0000000100000000)
  eden space 164352K, 0% used [0x00000000eab00000,0x00000000eab00000,0x00000000f4b80000)
  from space 30720K, 99% used [0x00000000f4b80000,0x00000000f69796e0,0x00000000f6980000)
  to   space 36352K, 0% used [0x00000000f8d00000,0x00000000f8d00000,0x00000000fb080000)
 ParOldGen       total 91648K, used 54900K [0x00000000c0000000, 0x00000000c5980000, 0x00000000eab00000)
  object space 91648K, 59% used [0x00000000c0000000,0x00000000c359d0f8,0x00000000c5980000)
 Metaspace       used 56342K, capacity 59796K, committed 60072K, reserved 1099776K
  class space    used 7604K, capacity 8770K, committed 8872K, reserved 1048576K
}
Event: 253.924 GC heap before
{Heap before GC invocations=19 (full 3):
 PSYoungGen      total 195072K, used 84908K [0x00000000eab00000, 0x00000000fb080000, 0x0000000100000000)
  eden space 164352K, 32% used [0x00000000eab00000,0x00000000edff1ac0,0x00000000f4b80000)
  from space 30720K, 99% used [0x00000000f4b80000,0x00000000f69796e0,0x00000000f6980000)
  to   space 36352K, 0% used [0x00000000f8d00000,0x00000000f8d00000,0x00000000fb080000)
 ParOldGen       total 91648K, used 54900K [0x00000000c0000000, 0x00000000c5980000, 0x00000000eab00000)
  object space 91648K, 59% used [0x00000000c0000000,0x00000000c359d0f8,0x00000000c5980000)
 Metaspace       used 57294K, capacity 60772K, committed 60968K, reserved 1101824K
  class space    used 7750K, capacity 8923K, committed 9000K, reserved 1048576K
Event: 253.972 GC heap after
Heap after GC invocations=19 (full 3):
 PSYoungGen      total 230400K, used 22519K [0x00000000eab00000, 0x00000000fb280000, 0x0000000100000000)
  eden space 194048K, 0% used [0x00000000eab00000,0x00000000eab00000,0x00000000f6880000)
  from space 36352K, 61% used [0x00000000f8d00000,0x00000000fa2fde30,0x00000000fb080000)
  to   space 37376K, 0% used [0x00000000f6880000,0x00000000f6880000,0x00000000f8d00000)
 ParOldGen       total 91648K, used 54908K [0x00000000c0000000, 0x00000000c5980000, 0x00000000eab00000)
  object space 91648K, 59% used [0x00000000c0000000,0x00000000c359f0f8,0x00000000c5980000)
 Metaspace       used 57294K, capacity 60772K, committed 60968K, reserved 1101824K
  class space    used 7750K, capacity 8923K, committed 9000K, reserved 1048576K
}
Event: 253.972 GC heap before
{Heap before GC invocations=20 (full 4):
 PSYoungGen      total 230400K, used 22519K [0x00000000eab00000, 0x00000000fb280000, 0x0000000100000000)
  eden space 194048K, 0% used [0x00000000eab00000,0x00000000eab00000,0x00000000f6880000)
  from space 36352K, 61% used [0x00000000f8d00000,0x00000000fa2fde30,0x00000000fb080000)
  to   space 37376K, 0% used [0x00000000f6880000,0x00000000f6880000,0x00000000f8d00000)
 ParOldGen       total 91648K, used 54908K [0x00000000c0000000, 0x00000000c5980000, 0x00000000eab00000)
  object space 91648K, 59% used [0x00000000c0000000,0x00000000c359f0f8,0x00000000c5980000)
 Metaspace       used 57294K, capacity 60772K, committed 60968K, reserved 1101824K
  class space    used 7750K, capacity 8923K, committed 9000K, reserved 1048576K
Event: 255.009 GC heap after
Heap after GC invocations=20 (full 4):
 PSYoungGen      total 230400K, used 0K [0x00000000eab00000, 0x00000000fb280000, 0x0000000100000000)
  eden space 194048K, 0% used [0x00000000eab00000,0x00000000eab00000,0x00000000f6880000)
  from space 36352K, 0% used [0x00000000f8d00000,0x00000000f8d00000,0x00000000fb080000)
  to   space 37376K, 0% used [0x00000000f6880000,0x00000000f6880000,0x00000000f8d00000)
 ParOldGen       total 91648K, used 67637K [0x00000000c0000000, 0x00000000c5980000, 0x00000000eab00000)
  object space 91648K, 73% used [0x00000000c0000000,0x00000000c420d6e8,0x00000000c5980000)
 Metaspace       used 57261K, capacity 60658K, committed 60968K, reserved 1101824K
  class space    used 7742K, capacity 8889K, committed 9000K, reserved 1048576K
}
Event: 278.436 GC heap before
{Heap before GC invocations=21 (full 4):
 PSYoungGen      total 230400K, used 194048K [0x00000000eab00000, 0x00000000fb280000, 0x0000000100000000)
  eden space 194048K, 100% used [0x00000000eab00000,0x00000000f6880000,0x00000000f6880000)
  from space 36352K, 0% used [0x00000000f8d00000,0x00000000f8d00000,0x00000000fb080000)
  to   space 37376K, 0% used [0x00000000f6880000,0x00000000f6880000,0x00000000f8d00000)
 ParOldGen       total 91648K, used 67637K [0x00000000c0000000, 0x00000000c5980000, 0x00000000eab00000)
  object space 91648K, 73% used [0x00000000c0000000,0x00000000c420d6e8,0x00000000c5980000)
 Metaspace       used 62387K, capacity 66648K, committed 66856K, reserved 1105920K
  class space    used 8467K, capacity 9933K, committed 10024K, reserved 1048576K
Event: 278.476 GC heap after
Heap after GC invocations=21 (full 4):
 PSYoungGen      total 231424K, used 19609K [0x00000000eab00000, 0x00000000fcd80000, 0x0000000100000000)
  eden space 194048K, 0% used [0x00000000eab00000,0x00000000eab00000,0x00000000f6880000)
  from space 37376K, 52% used [0x00000000f6880000,0x00000000f7ba6558,0x00000000f8d00000)
  to   space 36352K, 0% used [0x00000000faa00000,0x00000000faa00000,0x00000000fcd80000)
 ParOldGen       total 91648K, used 67645K [0x00000000c0000000, 0x00000000c5980000, 0x00000000eab00000)
  object space 91648K, 73% used [0x00000000c0000000,0x00000000c420f6e8,0x00000000c5980000)
 Metaspace       used 62387K, capacity 66648K, committed 66856K, reserved 1105920K
  class space    used 8467K, capacity 9933K, committed 10024K, reserved 1048576K
}
Event: 334.845 GC heap before
{Heap before GC invocations=22 (full 4):
 PSYoungGen      total 231424K, used 213657K [0x00000000eab00000, 0x00000000fcd80000, 0x0000000100000000)
  eden space 194048K, 100% used [0x00000000eab00000,0x00000000f6880000,0x00000000f6880000)
  from space 37376K, 52% used [0x00000000f6880000,0x00000000f7ba6558,0x00000000f8d00000)
  to   space 36352K, 0% used [0x00000000faa00000,0x00000000faa00000,0x00000000fcd80000)
 ParOldGen       total 91648K, used 67645K [0x00000000c0000000, 0x00000000c5980000, 0x00000000eab00000)
  object space 91648K, 73% used [0x00000000c0000000,0x00000000c420f6e8,0x00000000c5980000)
 Metaspace       used 65484K, capacity 70151K, committed 70184K, reserved 1110016K
  class space    used 8964K, capacity 10524K, committed 10536K, reserved 1048576K
Event: 334.887 GC heap after
Heap after GC invocations=22 (full 4):
 PSYoungGen      total 252928K, used 24534K [0x00000000eab00000, 0x00000000fcb00000, 0x0000000100000000)
  eden space 219136K, 0% used [0x00000000eab00000,0x00000000eab00000,0x00000000f8100000)
  from space 33792K, 72% used [0x00000000faa00000,0x00000000fc1f5878,0x00000000fcb00000)
  to   space 37888K, 0% used [0x00000000f8100000,0x00000000f8100000,0x00000000fa600000)
 ParOldGen       total 91648K, used 67653K [0x00000000c0000000, 0x00000000c5980000, 0x00000000eab00000)
  object space 91648K, 73% used [0x00000000c0000000,0x00000000c42116e8,0x00000000c5980000)
 Metaspace       used 65484K, capacity 70151K, committed 70184K, reserved 1110016K
  class space    used 8964K, capacity 10524K, committed 10536K, reserved 1048576K
}
Event: 337.624 GC heap before
{Heap before GC invocations=23 (full 4):
 PSYoungGen      total 252928K, used 243670K [0x00000000eab00000, 0x00000000fcb00000, 0x0000000100000000)
  eden space 219136K, 100% used [0x00000000eab00000,0x00000000f8100000,0x00000000f8100000)
  from space 33792K, 72% used [0x00000000faa00000,0x00000000fc1f5878,0x00000000fcb00000)
  to   space 37888K, 0% used [0x00000000f8100000,0x00000000f8100000,0x00000000fa600000)
 ParOldGen       total 91648K, used 67653K [0x00000000c0000000, 0x00000000c5980000, 0x00000000eab00000)
  object space 91648K, 73% used [0x00000000c0000000,0x00000000c42116e8,0x00000000c5980000)
 Metaspace       used 71805K, capacity 77460K, committed 77608K, reserved 1116160K
  class space    used 9889K, capacity 11788K, committed 11816K, reserved 1048576K

Deoptimization events (10 events):
Event: 279.200 Thread 0x000000001a594000 Uncommon trap: reason=null_check action=make_not_entrant pc=0x0000000003d37f0c method=org.codehaus.groovy.runtime.typehandling.DefaultTypeTransformation.castToType(Ljava/lang/Object;Ljava/lang/Class;)Ljava/lang/Object; @ 28
Event: 279.467 Thread 0x000000001a594000 Uncommon trap: reason=null_check action=make_not_entrant pc=0x0000000003d58174 method=java.lang.Class.isEnum()Z @ 1
Event: 279.524 Thread 0x000000001a594000 Uncommon trap: reason=null_check action=make_not_entrant pc=0x0000000003d638fc method=org.codehaus.groovy.runtime.typehandling.DefaultTypeTransformation.castToType(Ljava/lang/Object;Ljava/lang/Class;)Ljava/lang/Object; @ 65
Event: 282.228 Thread 0x000000001a594000 Uncommon trap: reason=speculate_class_check action=maybe_recompile pc=0x000000000378e610 method=com.sun.tools.javac.code.Type.hasTag(Lcom/sun/tools/javac/code/TypeTag;)Z @ 2
Event: 282.298 Thread 0x000000001a594000 Uncommon trap: reason=class_check action=maybe_recompile pc=0x00000000035c5a08 method=com.sun.tools.javac.code.Types.covariantReturnType(Lcom/sun/tools/javac/code/Type;Lcom/sun/tools/javac/code/Type;Lcom/sun/tools/javac/util/Warner;)Z @ 17
Event: 283.576 Thread 0x000000001a594000 Uncommon trap: reason=class_check action=maybe_recompile pc=0x00000000035c531c method=com.sun.tools.javac.code.Types$ImplementationCache.implementationInternal(Lcom/sun/tools/javac/code/Symbol$MethodSymbol;Lcom/sun/tools/javac/code/Symbol$TypeSymbol;ZLcom/}^©∫Er@
Event: 289.267 Thread 0x000000001a594000 Uncommon trap: reason=class_check action=maybe_recompile pc=0x0000000002e77254 method=java.util.AbstractList$Itr.hasNext()Z @ 8
Event: 289.267 Thread 0x000000001a594000 Uncommon trap: reason=class_check action=maybe_recompile pc=0x0000000002e5f5c4 method=java.util.AbstractList$Itr.next()Ljava/lang/Object; @ 14
Event: 289.390 Thread 0x000000001a594000 Uncommon trap: reason=class_check action=maybe_recompile pc=0x00000000031e7474 method=org.gradle.logging.internal.AbstractLineChoppingStyledTextOutput.doAppend(Ljava/lang/String;)V @ 138
Event: 289.392 Thread 0x000000001a594000 Uncommon trap: reason=class_check action=maybe_recompile pc=0x00000000031e7474 method=org.gradle.logging.internal.AbstractLineChoppingStyledTextOutput.doAppend(Ljava/lang/String;)V @ 138

Internal exceptions (10 events):
Event: 337.613 Thread 0x000000001a594000 Exception <a 'java/security/PrivilegedActionException'> (0x00000000f8048318) thrown at [C:\workspace\8-2-build-windows-amd64-cygwin\jdk8u31\2394\hotspot\src\share\vm\prims\jvm.cpp, line 1312]
Event: 337.613 Thread 0x000000001a594000 Exception <a 'java/security/PrivilegedActionException'> (0x00000000f804a0a8) thrown at [C:\workspace\8-2-build-windows-amd64-cygwin\jdk8u31\2394\hotspot\src\share\vm\prims\jvm.cpp, line 1312]
Event: 337.613 Thread 0x000000001a594000 Exception <a 'java/security/PrivilegedActionException'> (0x00000000f804bc90) thrown at [C:\workspace\8-2-build-windows-amd64-cygwin\jdk8u31\2394\hotspot\src\share\vm\prims\jvm.cpp, line 1312]
Event: 337.613 Thread 0x000000001a594000 Exception <a 'java/security/PrivilegedActionException'> (0x00000000f8053a08) thrown at [C:\workspace\8-2-build-windows-amd64-cygwin\jdk8u31\2394\hotspot\src\share\vm\prims\jvm.cpp, line 1312]
Event: 337.613 Thread 0x000000001a594000 Exception <a 'java/lang/ClassNotFoundException': com/google/common/collect/AbstractMapBasedMultimap$WrappedListCustomizer> (0x00000000f80545d8) thrown at [C:\workspace\8-2-build-windows-amd64-cygwin\jdk8u31\2394\hotspot\src\share\vm\classfile\systemDiction«1∫Z”u@
Event: 337.614 Thread 0x000000001a594000 Exception <a 'java/security/PrivilegedActionException'> (0x00000000f806e230) thrown at [C:\workspace\8-2-build-windows-amd64-cygwin\jdk8u31\2394\hotspot\src\share\vm\prims\jvm.cpp, line 1312]
Event: 337.614 Thread 0x000000001a594000 Exception <a 'java/security/PrivilegedActionException'> (0x00000000f80700b0) thrown at [C:\workspace\8-2-build-windows-amd64-cygwin\jdk8u31\2394\hotspot\src\share\vm\prims\jvm.cpp, line 1312]
Event: 337.614 Thread 0x000000001a594000 Exception <a 'java/security/PrivilegedActionException'> (0x00000000f8071d58) thrown at [C:\workspace\8-2-build-windows-amd64-cygwin\jdk8u31\2394\hotspot\src\share\vm\prims\jvm.cpp, line 1312]
Event: 337.615 Thread 0x000000001a594000 Exception <a 'java/security/PrivilegedActionException'> (0x00000000f807a8c8) thrown at [C:\workspace\8-2-build-windows-amd64-cygwin\jdk8u31\2394\hotspot\src\share\vm\prims\jvm.cpp, line 1312]
Event: 337.615 Thread 0x000000001a594000 Exception <a 'java/lang/ClassNotFoundException': com/google/common/collect/AbstractMapBasedMultimap$RandomAccessWrappedListCustomizer> (0x00000000f807b4b0) thrown at [C:\workspace\8-2-build-windows-amd64-cygwin\jdk8u31\2394\hotspot\src\share\vm\classfile\s©'+Œu@

Events (10 events):
Event: 337.609 loading class com/google/common/collect/AbstractMapBasedMultimap$WrappedCollectionCustomizer done
Event: 337.613 loading class com/google/common/collect/AbstractMapBasedMultimap$WrappedListCustomizer
Event: 337.613 loading class com/google/common/collect/AbstractMapBasedMultimap$WrappedListCustomizer done
Event: 337.613 loading class com/google/common/collect/AbstractMapBasedMultimap$WrappedListCustomizer
Event: 337.613 loading class com/google/common/collect/AbstractMapBasedMultimap$WrappedListCustomizer done
Event: 337.614 loading class com/google/common/collect/AbstractMapBasedMultimap$RandomAccessWrappedListCustomizer
Event: 337.614 loading class com/google/common/collect/AbstractMapBasedMultimap$RandomAccessWrappedListCustomizer done
Event: 337.615 loading class com/google/common/collect/AbstractMapBasedMultimap$RandomAccessWrappedListCustomizer
Event: 337.615 loading class com/google/common/collect/AbstractMapBasedMultimap$RandomAccessWrappedListCustomizer done
Event: 337.624 Executing VM operation: ParallelGCFailedAllocation


Dynamic libraries:
0x00007ff6e2ec0000 - 0x00007ff6e2ef4000 	C:\Program Files\Java\jdk1.8.0_31\bin\java.exe
0x00007ffe75b60000 - 0x00007ffe75d0c000 	C:\Windows\SYSTEM32\ntdll.dll
0x00007ffe738d0000 - 0x00007ffe73a0a000 	C:\Windows\system32\KERNEL32.DLL
0x00007ffe732d0000 - 0x00007ffe733df000 	C:\Windows\system32\KERNELBASE.dll
0x00007ffe717a0000 - 0x00007ffe71828000 	C:\Windows\system32\apphelp.dll
0x00007ffe5b440000 - 0x00007ffe5b48f000 	C:\Windows\AppPatch\AppPatch64\AcGenral.DLL
0x00007ffe73f20000 - 0x00007ffe73fc7000 	C:\Windows\system32\msvcrt.dll
0x00007ffe72d80000 - 0x00007ffe72dab000 	C:\Windows\SYSTEM32\SspiCli.dll
0x00007ffe736f0000 - 0x00007ffe73741000 	C:\Windows\system32\SHLWAPI.dll
0x00007ffe73ca0000 - 0x00007ffe73e11000 	C:\Windows\system32\USER32.dll
0x00007ffe73750000 - 0x00007ffe738c8000 	C:\Windows\system32\ole32.dll
0x00007ffe74380000 - 0x00007ffe7578f000 	C:\Windows\system32\SHELL32.dll
0x00007ffe724c0000 - 0x00007ffe724de000 	C:\Windows\SYSTEM32\USERENV.dll
0x00007ffe742d0000 - 0x00007ffe74375000 	C:\Windows\system32\ADVAPI32.dll
0x00007ffe65550000 - 0x00007ffe6556b000 	C:\Windows\SYSTEM32\MPR.dll
0x00007ffe75a20000 - 0x00007ffe75b57000 	C:\Windows\system32\RPCRT4.dll
0x00007ffe733e0000 - 0x00007ffe73437000 	C:\Windows\SYSTEM32\sechost.dll
0x00007ffe73440000 - 0x00007ffe73616000 	C:\Windows\SYSTEM32\combase.dll
0x00007ffe74170000 - 0x00007ffe742b4000 	C:\Windows\system32\GDI32.dll
0x00007ffe72ed0000 - 0x00007ffe72ee4000 	C:\Windows\SYSTEM32\profapi.dll
0x00007ffe71090000 - 0x00007ffe7112f000 	C:\Windows\SYSTEM32\SHCORE.dll
0x00007ffe73bb0000 - 0x00007ffe73be4000 	C:\Windows\system32\IMM32.DLL
0x00007ffe74030000 - 0x00007ffe74169000 	C:\Windows\system32\MSCTF.dll
0x00007ffe70a50000 - 0x00007ffe70caa000 	C:\Windows\WinSxS\amd64_microsoft.windows.common-controls_6595b64144ccf1df_6.0.9600.17031_none_6242a4b3ecbb55a1\COMCTL32.dll
0x0000000076280000 - 0x0000000076352000 	C:\Program Files\Java\jdk1.8.0_31\jre\bin\msvcr100.dll
0x00000000502c0000 - 0x0000000050b1a000 	C:\Program Files\Java\jdk1.8.0_31\jre\bin\server\jvm.dll
0x00007ffe6a280000 - 0x00007ffe6a289000 	C:\Windows\SYSTEM32\WSOCK32.dll
0x00007ffe6be70000 - 0x00007ffe6be8f000 	C:\Windows\SYSTEM32\WINMM.dll
0x00007ffe742c0000 - 0x00007ffe742c7000 	C:\Windows\system32\PSAPI.DLL
0x00007ffe73c30000 - 0x00007ffe73c88000 	C:\Windows\system32\WS2_32.dll
0x00007ffe6be40000 - 0x00007ffe6be6a000 	C:\Windows\SYSTEM32\WINMMBASE.dll
0x00007ffe73c90000 - 0x00007ffe73c99000 	C:\Windows\system32\NSI.dll
0x00007ffe73280000 - 0x00007ffe732ca000 	C:\Windows\SYSTEM32\cfgmgr32.dll
0x00007ffe71ca0000 - 0x00007ffe71cc6000 	C:\Windows\SYSTEM32\DEVOBJ.dll
0x00000000502b0000 - 0x00000000502bf000 	C:\Program Files\Java\jdk1.8.0_31\jre\bin\verify.dll
0x0000000050280000 - 0x00000000502a8000 	C:\Program Files\Java\jdk1.8.0_31\jre\bin\java.dll
0x0000000050260000 - 0x0000000050276000 	C:\Program Files\Java\jdk1.8.0_31\jre\bin\zip.dll
0x00007ffe72770000 - 0x00007ffe7278e000 	C:\Windows\SYSTEM32\CRYPTSP.dll
0x00007ffe723b0000 - 0x00007ffe723e5000 	C:\Windows\system32\rsaenh.dll
0x00007ffe729b0000 - 0x00007ffe729d6000 	C:\Windows\SYSTEM32\bcrypt.dll
0x00007ffe72db0000 - 0x00007ffe72e10000 	C:\Windows\system32\bcryptprimitives.dll
0x00007ffe72e10000 - 0x00007ffe72e1a000 	C:\Windows\SYSTEM32\CRYPTBASE.dll
0x0000000050050000 - 0x000000005006a000 	C:\Program Files\Java\jdk1.8.0_31\jre\bin\net.dll
0x00007ffe72710000 - 0x00007ffe72768000 	C:\Windows\system32\mswsock.dll
0x00007ffe6df70000 - 0x00007ffe6df99000 	C:\Windows\SYSTEM32\IPHLPAPI.DLL
0x00007ffe6df50000 - 0x00007ffe6df5a000 	C:\Windows\SYSTEM32\WINNSI.DLL
0x00007ffe6f800000 - 0x00007ffe6f814000 	C:\Windows\SYSTEM32\dhcpcsvc6.DLL
0x00007ffe6dcb0000 - 0x00007ffe6dcc9000 	C:\Windows\SYSTEM32\dhcpcsvc.DLL
0x0000000050030000 - 0x0000000050041000 	C:\Program Files\Java\jdk1.8.0_31\jre\bin\nio.dll
0x00007ffe5c3e0000 - 0x00007ffe5c3f2000 	C:\Users\Lenovo\AppData\Local\Temp\native-platform5028889036583663981dir\native-platform.dll
0x00007ffe63db0000 - 0x00007ffe63f38000 	C:\Windows\SYSTEM32\dbghelp.dll

VM Arguments:
jvm_args: -XX:MaxPermSize=256m -XX:+HeapDumpOnOutOfMemoryError -Xmx1024m -Dfile.encoding=windows-1252 -Duser.country=US -Duser.language=en -Duser.variant 
java_command: org.gradle.launcher.daemon.bootstrap.GradleDaemon 2.2.1 C:\Users\Lenovo\.gradle\daemon 10800000 e069ef02-a7fb-408f-ac44-bcd251c68470 -XX:MaxPermSize=256m -XX:+HeapDumpOnOutOfMemoryError -Xmx1024m -Dfile.encoding=windows-1252 -Duser.country=US -Duser.language=en -Duser.variant
java_class_path (initial): C:\Program Files\Android\Android Studio\gradle\gradle-2.2.1\lib\gradle-launcher-2.2.1.jar
Launcher Type: SUN_STANDARD

Environment Variables:
PATH=C:\Program Files (x86)\AMD APP\bin\x86_64;C:\Program Files (x86)\AMD APP\bin\x86;C:\ProgramData\Oracle\Java\javapath;C:\Windows\system32;C:\Windows;C:\Windows\System32\Wbem;C:\Windows\System32\WindowsPowerShell\v1.0\;C:\Program Files (x86)\ATI Technologies\ATI.ACE\Core-Static;C:\Program Files\Intel\WiFi\bin\;C:\Program Files\Common Files\Intel\WirelessCommon\;C:\Program Files (x86)\Intel\OpenCL SDK\2.0\bin\x86;C:\Program Files (x86)\Intel\OpenCL SDK\2.0\bin\x64;C:\Program Files (x86)\AMD\ATI.ACE\Core-Static;C:\Python27;C:\Program Files (x86)\Skype\Phone\;C:\ProgramData\Oracle\Java\javapath;C:\Windows\system32;C:\Windows;C:\Windows\System32\Wbem;C:\Windows\System32\WindowsPowerShell\v1.0\;C:\Program Files (x86)\ATI Technologies\ATI.ACE\Core-Static;C:\Program Files\Intel\WiFi\bin\;C:\Program Files\Common Files\Intel\WirelessCommon\;C:\Program Files (x86)\Intel\OpenCL SDK\2.0\bin\x86;C:\Program Files (x86)\Intel\OpenCL SDK\2.0\bin\x64;C:\Program Files (x86)\AMD\ATI.ACE\Core-Static;C:\Python27
USERNAME=Lenovo
OS=Windows_NT
PROCESSOR_IDENTIFIER=Intel64 Family 6 Model 42 Stepping 7, GenuineIntel



---------------  S Y S T E M  ---------------

OS: Windows 8.1 , 64 bit Build 9600 

CPU:total 4 (2 cores per cpu, 2 threads per core) family 6 model 42 stepping 7, cmov, cx8, fxsr, mmx, sse, sse2, sse3, ssse3, sse4.1, sse4.2, popcnt, avx, aes, clmul, ht, tsc, tscinvbit

Memory: 4k page, physical 6202968k(937256k free), swap 12494424k(5812644k free)

vm_info: Java HotSpot(TM) 64-Bit Server VM (25.31-b07) for windows-amd64 JRE (1.8.0_31-b13), built on Dec 17 2014 21:00:28 by "java_re" with MS VC++ 10.0 (VS2010)

time: Fri Apr 17 14:50:11 2015
elapsed time: 337 seconds (0d 0h 5m 37s)

